Log file open, 09/03/21 16:59:54
LogInit: Display: Running engine for game: GrowWings
LogPlatformFile: Not using cached read wrapper
LogTaskGraph: Started task graph with 5 named threads and 14 total threads with 3 sets of task threads.
LogStats: Stats thread started at 0.510602
LogD3D11RHI: Loaded GFSDK_Aftermath_Lib.x64.dll
LogICUInternationalization: ICU TimeZone Detection - Raw Offset: +9:00, Platform Override: ''
LogPluginManager: Mounting plugin Paper2D
LogPluginManager: Mounting plugin AISupport
LogPluginManager: Mounting plugin LightPropagationVolume
LogPluginManager: Mounting plugin CameraShakePreviewer
LogPluginManager: Mounting plugin ActorLayerUtilities
LogPluginManager: Mounting plugin AnimationSharing
LogPluginManager: Mounting plugin CLionSourceCodeAccess
LogPluginManager: Mounting plugin CodeLiteSourceCodeAccess
LogPluginManager: Mounting plugin GitSourceControl
LogPluginManager: Mounting plugin KDevelopSourceCodeAccess
LogPluginManager: Mounting plugin NullSourceCodeAccess
LogPluginManager: Mounting plugin PerforceSourceControl
LogPluginManager: Mounting plugin PlasticSourceControl
LogPluginManager: Mounting plugin RiderSourceCodeAccess
LogPluginManager: Mounting plugin SubversionSourceControl
LogPluginManager: Mounting plugin UObjectPlugin
LogPluginManager: Mounting plugin VisualStudioCodeSourceCodeAccess
LogPluginManager: Mounting plugin VisualStudioSourceCodeAccess
LogPluginManager: Mounting plugin XCodeSourceCodeAccess
LogPluginManager: Mounting plugin AssetManagerEditor
LogPluginManager: Mounting plugin CryptoKeys
LogPluginManager: Mounting plugin CurveEditorTools
LogPluginManager: Mounting plugin DataValidation
LogPluginManager: Mounting plugin EditorScriptingUtilities
LogPluginManager: Mounting plugin FacialAnimation
LogPluginManager: Mounting plugin GameplayTagsEditor
LogPluginManager: Mounting plugin GeometryMode
LogPluginManager: Mounting plugin MacGraphicsSwitching
LogPluginManager: Mounting plugin MaterialAnalyzer
LogPluginManager: Mounting plugin MobileLauncherProfileWizard
LogPluginManager: Mounting plugin PluginBrowser
LogPluginManager: Mounting plugin SpeedTreeImporter
LogPluginManager: Mounting plugin DatasmithContent
LogPluginManager: Mounting plugin VariantManagerContent
LogPluginManager: Mounting plugin AlembicImporter
LogPluginManager: Mounting plugin AutomationUtils
LogPluginManager: Mounting plugin BackChannel
LogPluginManager: Mounting plugin ChaosCloth
LogPluginManager: Mounting plugin ChaosClothEditor
LogPluginManager: Mounting plugin ChaosEditor
LogPluginManager: Mounting plugin ChaosNiagara
LogPluginManager: Mounting plugin ChaosSolverPlugin
LogPluginManager: Mounting plugin CharacterAI
LogPluginManager: Mounting plugin GeometryCache
LogPluginManager: Mounting plugin GeometryCollectionPlugin
LogPluginManager: Mounting plugin GeometryProcessing
LogPluginManager: Mounting plugin PlanarCut
LogPluginManager: Mounting plugin PlatformCrypto
LogPluginManager: Mounting plugin ProxyLODPlugin
LogPluginManager: Mounting plugin SkeletalReduction
LogPluginManager: Mounting plugin Niagara
LogPluginManager: Mounting plugin MagicLeap
LogPluginManager: Mounting plugin MagicLeapLightEstimation
LogPluginManager: Mounting plugin MagicLeapMedia
LogPluginManager: Mounting plugin MagicLeapPassableWorld
LogPluginManager: Mounting plugin MLSDK
LogPluginManager: Mounting plugin BlockoutToolsPlugin
LogPluginManager: Mounting plugin AndroidMedia
LogPluginManager: Mounting plugin AvfMedia
LogPluginManager: Mounting plugin ImgMedia
LogPluginManager: Mounting plugin MediaCompositing
LogPluginManager: Mounting plugin MediaPlayerEditor
LogPluginManager: Mounting plugin WebMMedia
LogPluginManager: Mounting plugin WmfMedia
LogPluginManager: Mounting plugin MeshPainting
LogPluginManager: Mounting plugin TcpMessaging
LogPluginManager: Mounting plugin UdpMessaging
LogPluginManager: Mounting plugin ActorSequence
LogPluginManager: Mounting plugin LevelSequenceEditor
LogPluginManager: Mounting plugin MatineeToLevelSequence
LogPluginManager: Mounting plugin MovieRenderPipeline
LogPluginManager: Mounting plugin TemplateSequence
LogPluginManager: Mounting plugin NetcodeUnitTest
LogPluginManager: Mounting plugin NUTUnrealEngine4
LogPluginManager: Mounting plugin OnlineSubsystemGooglePlay
LogPluginManager: Mounting plugin OnlineSubsystemIOS
LogPluginManager: Mounting plugin OnlineSubsystem
LogPluginManager: Mounting plugin OnlineSubsystemNull
LogPluginManager: Mounting plugin OnlineSubsystemUtils
LogPluginManager: Mounting plugin LauncherChunkInstaller
LogPluginManager: Mounting plugin AndroidDeviceProfileSelector
LogPluginManager: Mounting plugin AndroidMoviePlayer
LogPluginManager: Mounting plugin AndroidPermission
LogPluginManager: Mounting plugin AppleImageUtils
LogPluginManager: Mounting plugin AppleMoviePlayer
LogPluginManager: Mounting plugin ArchVisCharacter
LogPluginManager: Mounting plugin AssetTags
LogPluginManager: Mounting plugin AudioCapture
LogPluginManager: Mounting plugin CableComponent
LogPluginManager: Mounting plugin CustomMeshComponent
LogPluginManager: Mounting plugin EditableMesh
LogPluginManager: Mounting plugin ExampleDeviceProfileSelector
LogPluginManager: Mounting plugin GoogleCloudMessaging
LogPluginManager: Mounting plugin GooglePAD
LogPluginManager: Mounting plugin IOSDeviceProfileSelector
LogPluginManager: Mounting plugin LinuxDeviceProfileSelector
LogPluginManager: Mounting plugin LocationServicesBPLibrary
LogPluginManager: Mounting plugin MobilePatchingUtils
LogPluginManager: Mounting plugin OculusVR
LogPluginManager: Mounting plugin PhysXVehicles
LogPluginManager: Mounting plugin PostSplashScreen
LogPluginManager: Mounting plugin ProceduralMeshComponent
LogPluginManager: Mounting plugin RuntimePhysXCooking
LogPluginManager: Mounting plugin SignificanceManager
LogPluginManager: Mounting plugin SoundFields
LogPluginManager: Mounting plugin SteamVR
LogPluginManager: Mounting plugin Synthesis
LogPluginManager: Mounting plugin WebMMoviePlayer
LogPluginManager: Mounting plugin WindowsMoviePlayer
LogPluginManager: Mounting plugin ScreenshotTools
LogInit: Using libcurl 7.55.1-DEV
LogInit:  - built for x86_64-pc-win32
LogInit:  - supports SSL with OpenSSL/1.1.1
LogInit:  - supports HTTP deflate (compression) using libz 1.2.8
LogInit:  - other features:
LogInit:      CURL_VERSION_SSL
LogInit:      CURL_VERSION_LIBZ
LogInit:      CURL_VERSION_IPV6
LogInit:      CURL_VERSION_ASYNCHDNS
LogInit:      CURL_VERSION_LARGEFILE
LogInit:      CURL_VERSION_IDN
LogInit:  CurlRequestOptions (configurable via config and command line):
LogInit:  - bVerifyPeer = true  - Libcurl will verify peer certificate
LogInit:  - bUseHttpProxy = false  - Libcurl will NOT use HTTP proxy
LogInit:  - bDontReuseConnections = false  - Libcurl will reuse connections
LogInit:  - MaxHostConnections = 16  - Libcurl will limit the number of connections to a host
LogInit:  - LocalHostAddr = Default
LogInit:  - BufferSize = 65536
LogOnline: OSS: Creating online subsystem instance for: NULL
LogInit: WinSock: version 1.1 (2.2), MaxSocks=32767, MaxUdp=65467
LogOnline: OSS: TryLoadSubsystemAndSetDefault: Loaded subsystem for module [NULL]
LogInit: Build: ++UE4+Release-4.25-CL-14469661
LogInit: Engine Version: 4.25.4-14469661+++UE4+Release-4.25
LogInit: Compatible Engine Version: 4.25.0-13144385+++UE4+Release-4.25
LogInit: Net CL: 13144385
LogInit: OS: Windows 10 (Release 2009) (), CPU: Intel(R) Core(TM) i5-7300HQ CPU @ 2.50GHz, GPU: Intel(R) HD Graphics 630
LogInit: Compiled (64-bit): Oct 11 2020 08:10:49
LogInit: Compiled with Visual C++: 19.24.28315.00
LogInit: Build Configuration: Development
LogInit: Branch Name: ++UE4+Release-4.25
LogInit: Command Line: 
LogInit: Base Directory: C:/Program Files/Epic Games/UE_4.25/Engine/Binaries/Win64/
LogInit: Allocator: TBB
LogInit: Installed Engine Build: 1
LogDevObjectVersion: Number of dev versions registered: 26
LogDevObjectVersion:   Dev-Blueprints (B0D832E4-1F89-4F0D-ACCF-7EB736FD4AA2): 10
LogDevObjectVersion:   Dev-Build (E1C64328-A22C-4D53-A36C-8E866417BD8C): 0
LogDevObjectVersion:   Dev-Core (375EC13C-06E4-48FB-B500-84F0262A717E): 4
LogDevObjectVersion:   Dev-Editor (E4B068ED-F494-42E9-A231-DA0B2E46BB41): 38
LogDevObjectVersion:   Dev-Framework (CFFC743F-43B0-4480-9391-14DF171D2073): 37
LogDevObjectVersion:   Dev-Mobile (B02B49B5-BB20-44E9-A304-32B752E40360): 2
LogDevObjectVersion:   Dev-Networking (A4E4105C-59A1-49B5-A7C5-40C4547EDFEE): 0
LogDevObjectVersion:   Dev-Online (39C831C9-5AE6-47DC-9A44-9C173E1C8E7C): 0
LogDevObjectVersion:   Dev-Physics (78F01B33-EBEA-4F98-B9B4-84EACCB95AA2): 4
LogDevObjectVersion:   Dev-Platform (6631380F-2D4D-43E0-8009-CF276956A95A): 0
LogDevObjectVersion:   Dev-Rendering (12F88B9F-8875-4AFC-A67C-D90C383ABD29): 43
LogDevObjectVersion:   Dev-Sequencer (7B5AE74C-D270-4C10-A958-57980B212A5A): 12
LogDevObjectVersion:   Dev-VR (D7296918-1DD6-4BDD-9DE2-64A83CC13884): 3
LogDevObjectVersion:   Dev-LoadTimes (C2A15278-BFE7-4AFE-6C17-90FF531DF755): 1
LogDevObjectVersion:   Private-Geometry (6EACA3D4-40EC-4CC1-B786-8BED09428FC5): 3
LogDevObjectVersion:   Dev-AnimPhys (29E575DD-E0A3-4627-9D10-D276232CDCEA): 17
LogDevObjectVersion:   Dev-Anim (AF43A65D-7FD3-4947-9873-3E8ED9C1BB05): 7
LogDevObjectVersion:   Dev-ReflectionCapture (6B266CEC-1EC7-4B8F-A30B-E4D90942FC07): 1
LogDevObjectVersion:   Dev-Automation (0DF73D61-A23F-47EA-B727-89E90C41499A): 1
LogDevObjectVersion:   FortniteMain (601D1886-AC64-4F84-AA16-D3DE0DEAC7D6): 31
LogDevObjectVersion:   Dev-Enterprise (9DFFBCD6-494F-0158-E221-12823C92A888): 10
LogDevObjectVersion:   Dev-Niagara (F2AED0AC-9AFE-416F-8664-AA7FFA26D6FC): 1
LogDevObjectVersion:   Dev-Destruction (174F1F0B-B4C6-45A5-B13F-2EE8D0FB917D): 10
LogDevObjectVersion:   Dev-Physics-Ext (35F94A83-E258-406C-A318-09F59610247C): 37
LogDevObjectVersion:   Dev-PhysicsMaterial-Chaos (B68FC16E-8B1B-42E2-B453-215C058844FE): 1
LogDevObjectVersion:   Dev-CineCamera (B2E18506-4273-CFC2-A54E-F4BB758BBA07): 1
LogInit: Presizing for max 25165824 objects, including 0 objects not considered by GC, pre-allocating 0 bytes for permanent pool.
LogConfig: Applying CVar settings from Section [/Script/Engine.StreamingSettings] File [C:/Users/happl/OneDrive/Documents/GitHub/Grow_Wings/GrowWings/Saved/Config/Windows/Engine.ini]
LogConfig: Setting CVar [[s.MinBulkDataSizeForAsyncLoading:131072]]
LogConfig: Setting CVar [[s.AsyncLoadingThreadEnabled:0]]
LogConfig: Setting CVar [[s.EventDrivenLoaderEnabled:1]]
LogConfig: Setting CVar [[s.WarnIfTimeLimitExceeded:0]]
LogConfig: Setting CVar [[s.TimeLimitExceededMultiplier:1.5]]
LogConfig: Setting CVar [[s.TimeLimitExceededMinTime:0.005]]
LogConfig: Setting CVar [[s.UseBackgroundLevelStreaming:1]]
LogConfig: Setting CVar [[s.PriorityAsyncLoadingExtraTime:15.0]]
LogConfig: Setting CVar [[s.LevelStreamingActorsUpdateTimeLimit:5.0]]
LogConfig: Setting CVar [[s.PriorityLevelStreamingActorsUpdateExtraTime:5.0]]
LogConfig: Setting CVar [[s.LevelStreamingComponentsRegistrationGranularity:10]]
LogConfig: Setting CVar [[s.UnregisterComponentsTimeLimit:1.0]]
LogConfig: Setting CVar [[s.LevelStreamingComponentsUnregistrationGranularity:5]]
LogConfig: Setting CVar [[s.FlushStreamingOnExit:1]]
LogInit: Object subsystem initialized
LogConfig: Setting CVar [[con.DebugEarlyDefault:1]]
LogConfig: Setting CVar [[r.setres:1280x720]]
[2021.09.03-07.59.54:849][  0]LogConfig: Setting CVar [[r.VSync:0]]
[2021.09.03-07.59.54:849][  0]LogConfig: Setting CVar [[r.RHICmdBypass:0]]
[2021.09.03-07.59.54:849][  0]LogConfig: Applying CVar settings from Section [/Script/Engine.RendererSettings] File [C:/Users/happl/OneDrive/Documents/GitHub/Grow_Wings/GrowWings/Saved/Config/Windows/Engine.ini]
[2021.09.03-07.59.54:849][  0]LogConfig: Setting CVar [[r.GPUCrashDebugging:0]]
[2021.09.03-07.59.54:849][  0]LogConfig: Setting CVar [[r.Mobile.DisableVertexFog:1]]
[2021.09.03-07.59.54:849][  0]LogConfig: Setting CVar [[r.Shadow.CSM.MaxMobileCascades:2]]
[2021.09.03-07.59.54:849][  0]LogConfig: Setting CVar [[r.MobileMSAA:1]]
[2021.09.03-07.59.54:849][  0]LogConfig: Setting CVar [[r.Mobile.UseLegacyShadingModel:0]]
[2021.09.03-07.59.54:849][  0]LogConfig: Setting CVar [[r.Mobile.AllowDitheredLODTransition:0]]
[2021.09.03-07.59.54:849][  0]LogConfig: Setting CVar [[r.Mobile.AllowSoftwareOcclusion:0]]
[2021.09.03-07.59.54:849][  0]LogConfig: Setting CVar [[r.Mobile.VirtualTextures:0]]
[2021.09.03-07.59.54:849][  0]LogConfig: Setting CVar [[r.DiscardUnusedQuality:0]]
[2021.09.03-07.59.54:849][  0]LogConfig: Setting CVar [[r.AllowOcclusionQueries:1]]
[2021.09.03-07.59.54:849][  0]LogConfig: Setting CVar [[r.MinScreenRadiusForLights:0.030000]]
[2021.09.03-07.59.54:850][  0]LogConfig: Setting CVar [[r.MinScreenRadiusForDepthPrepass:0.030000]]
[2021.09.03-07.59.54:850][  0]LogConfig: Setting CVar [[r.MinScreenRadiusForCSMDepth:0.010000]]
[2021.09.03-07.59.54:850][  0]LogConfig: Setting CVar [[r.PrecomputedVisibilityWarning:0]]
[2021.09.03-07.59.54:850][  0]LogConfig: Setting CVar [[r.TextureStreaming:1]]
[2021.09.03-07.59.54:850][  0]LogConfig: Setting CVar [[Compat.UseDXT5NormalMaps:0]]
[2021.09.03-07.59.54:850][  0]LogConfig: Setting CVar [[r.VirtualTextures:0]]
[2021.09.03-07.59.54:850][  0]LogConfig: Setting CVar [[r.VirtualTexturedLightmaps:0]]
[2021.09.03-07.59.54:850][  0]LogConfig: Setting CVar [[r.VT.TileSize:128]]
[2021.09.03-07.59.54:850][  0]LogConfig: Setting CVar [[r.VT.TileBorderSize:4]]
[2021.09.03-07.59.54:850][  0]LogConfig: Setting CVar [[r.vt.FeedbackFactor:16]]
[2021.09.03-07.59.54:850][  0]LogConfig: Setting CVar [[r.VT.EnableCompressZlib:1]]
[2021.09.03-07.59.54:850][  0]LogConfig: Setting CVar [[r.VT.EnableCompressCrunch:0]]
[2021.09.03-07.59.54:850][  0]LogConfig: Setting CVar [[r.ClearCoatNormal:0]]
[2021.09.03-07.59.54:850][  0]LogConfig: Setting CVar [[r.AnisotropicBRDF:0]]
[2021.09.03-07.59.54:850][  0]LogConfig: Setting CVar [[r.ReflectionCaptureResolution:128]]
[2021.09.03-07.59.54:850][  0]LogConfig: Setting CVar [[r.ReflectionEnvironmentLightmapMixBasedOnRoughness:1]]
[2021.09.03-07.59.54:850][  0]LogConfig: Setting CVar [[r.ForwardShading:0]]
[2021.09.03-07.59.54:850][  0]LogConfig: Setting CVar [[r.VertexFoggingForOpaque:1]]
[2021.09.03-07.59.54:850][  0]LogConfig: Setting CVar [[r.AllowStaticLighting:1]]
[2021.09.03-07.59.54:850][  0]LogConfig: Setting CVar [[r.NormalMapsForStaticLighting:0]]
[2021.09.03-07.59.54:850][  0]LogConfig: Setting CVar [[r.GenerateMeshDistanceFields:0]]
[2021.09.03-07.59.54:850][  0]LogConfig: Setting CVar [[r.DistanceFieldBuild.EightBit:0]]
[2021.09.03-07.59.54:850][  0]LogConfig: Setting CVar [[r.GenerateLandscapeGIData:0]]
[2021.09.03-07.59.54:850][  0]LogConfig: Setting CVar [[r.DistanceFieldBuild.Compress:0]]
[2021.09.03-07.59.54:850][  0]LogConfig: Setting CVar [[r.TessellationAdaptivePixelsPerTriangle:48.000000]]
[2021.09.03-07.59.54:850][  0]LogConfig: Setting CVar [[r.SeparateTranslucency:0]]
[2021.09.03-07.59.54:850][  0]LogConfig: Setting CVar [[r.TranslucentSortPolicy:0]]
[2021.09.03-07.59.54:850][  0]LogConfig: Setting CVar [[r.CustomDepth:1]]
[2021.09.03-07.59.54:850][  0]LogConfig: Setting CVar [[r.CustomDepthTemporalAAJitter:1]]
[2021.09.03-07.59.54:850][  0]LogConfig: Setting CVar [[r.PostProcessing.PropagateAlpha:0]]
[2021.09.03-07.59.54:850][  0]LogConfig: Setting CVar [[r.DefaultFeature.Bloom:1]]
[2021.09.03-07.59.54:850][  0]LogConfig: Setting CVar [[r.DefaultFeature.AmbientOcclusion:0]]
[2021.09.03-07.59.54:850][  0]LogConfig: Setting CVar [[r.DefaultFeature.AmbientOcclusionStaticFraction:1]]
[2021.09.03-07.59.54:850][  0]LogConfig: Setting CVar [[r.DefaultFeature.AutoExposure:0]]
[2021.09.03-07.59.54:850][  0]LogConfig: Setting CVar [[r.DefaultFeature.AutoExposure.Method:0]]
[2021.09.03-07.59.54:850][  0]LogConfig: Setting CVar [[r.DefaultFeature.AutoExposure.Bias:1.000000]]
[2021.09.03-07.59.54:850][  0]LogConfig: Setting CVar [[r.DefaultFeature.AutoExposure.ExtendDefaultLuminanceRange:0]]
[2021.09.03-07.59.54:850][  0]LogConfig: Setting CVar [[r.UsePreExposure:1]]
[2021.09.03-07.59.54:850][  0]LogConfig: Setting CVar [[r.EyeAdaptation.EditorOnly:0]]
[2021.09.03-07.59.54:850][  0]LogConfig: Setting CVar [[r.DefaultFeature.MotionBlur:0]]
[2021.09.03-07.59.54:850][  0]LogConfig: Setting CVar [[r.DefaultFeature.LensFlare:0]]
[2021.09.03-07.59.54:850][  0]LogConfig: Setting CVar [[r.TemporalAA.Upsampling:0]]
[2021.09.03-07.59.54:850][  0]LogConfig: Setting CVar [[r.SSGI.Enable:0]]
[2021.09.03-07.59.54:850][  0]LogConfig: Setting CVar [[r.DefaultFeature.AntiAliasing:0]]
[2021.09.03-07.59.54:850][  0]LogConfig: Setting CVar [[r.DefaultFeature.LightUnits:1]]
[2021.09.03-07.59.54:850][  0]LogConfig: Setting CVar [[r.DefaultBackBufferPixelFormat:4]]
[2021.09.03-07.59.54:850][  0]LogConfig: Setting CVar [[r.Shadow.UnbuiltPreviewInGame:1]]
[2021.09.03-07.59.54:850][  0]LogConfig: Setting CVar [[r.StencilForLODDither:0]]
[2021.09.03-07.59.54:850][  0]LogConfig: Setting CVar [[r.EarlyZPass:3]]
[2021.09.03-07.59.54:850][  0]LogConfig: Setting CVar [[r.EarlyZPassOnlyMaterialMasking:0]]
[2021.09.03-07.59.54:850][  0]LogConfig: Setting CVar [[r.DBuffer:1]]
[2021.09.03-07.59.54:850][  0]LogConfig: Setting CVar [[r.ClearSceneMethod:1]]
[2021.09.03-07.59.54:850][  0]LogConfig: Setting CVar [[r.BasePassOutputsVelocity:0]]
[2021.09.03-07.59.54:850][  0]LogConfig: Setting CVar [[r.VertexDeformationOutputsVelocity:0]]
[2021.09.03-07.59.54:850][  0]LogConfig: Setting CVar [[r.SelectiveBasePassOutputs:0]]
[2021.09.03-07.59.54:850][  0]LogConfig: Setting CVar [[fx.GPUSimulationTextureSizeX:1024]]
[2021.09.03-07.59.54:850][  0]LogConfig: Setting CVar [[fx.GPUSimulationTextureSizeY:1024]]
[2021.09.03-07.59.54:850][  0]LogConfig: Setting CVar [[r.AllowGlobalClipPlane:0]]
[2021.09.03-07.59.54:850][  0]LogConfig: Setting CVar [[r.GBufferFormat:1]]
[2021.09.03-07.59.54:851][  0]LogConfig: Setting CVar [[r.MorphTarget.Mode:1]]
[2021.09.03-07.59.54:851][  0]LogConfig: Setting CVar [[vr.InstancedStereo:0]]
[2021.09.03-07.59.54:851][  0]LogConfig: Setting CVar [[r.MobileHDR:1]]
[2021.09.03-07.59.54:851][  0]LogConfig: Setting CVar [[vr.MobileMultiView:0]]
[2021.09.03-07.59.54:851][  0]LogConfig: Setting CVar [[r.Mobile.UseHWsRGBEncoding:0]]
[2021.09.03-07.59.54:851][  0]LogConfig: Setting CVar [[vr.RoundRobinOcclusion:0]]
[2021.09.03-07.59.54:851][  0]LogConfig: Setting CVar [[vr.ODSCapture:0]]
[2021.09.03-07.59.54:851][  0]LogConfig: Setting CVar [[r.MeshStreaming:0]]
[2021.09.03-07.59.54:851][  0]LogConfig: Setting CVar [[r.WireframeCullThreshold:5.000000]]
[2021.09.03-07.59.54:851][  0]LogConfig: Setting CVar [[r.RayTracing:0]]
[2021.09.03-07.59.54:851][  0]LogConfig: Setting CVar [[r.RayTracing.UseTextureLod:0]]
[2021.09.03-07.59.54:851][  0]LogConfig: Setting CVar [[r.SupportStationarySkylight:1]]
[2021.09.03-07.59.54:851][  0]LogConfig: Setting CVar [[r.SupportLowQualityLightmaps:1]]
[2021.09.03-07.59.54:851][  0]LogConfig: Setting CVar [[r.SupportPointLightWholeSceneShadows:1]]
[2021.09.03-07.59.54:851][  0]LogConfig: Setting CVar [[r.SupportAtmosphericFog:1]]
[2021.09.03-07.59.54:851][  0]LogConfig: Setting CVar [[r.SupportSkyAtmosphere:1]]
[2021.09.03-07.59.54:851][  0]LogConfig: Setting CVar [[r.SupportSkyAtmosphereAffectsHeightFog:0]]
[2021.09.03-07.59.54:851][  0]LogConfig: Setting CVar [[r.SkinCache.CompileShaders:0]]
[2021.09.03-07.59.54:851][  0]LogConfig: Setting CVar [[r.SkinCache.DefaultBehavior:1]]
[2021.09.03-07.59.54:851][  0]LogConfig: Setting CVar [[r.SkinCache.SceneMemoryLimitInMB:128.000000]]
[2021.09.03-07.59.54:851][  0]LogConfig: Setting CVar [[r.Mobile.EnableStaticAndCSMShadowReceivers:1]]
[2021.09.03-07.59.54:851][  0]LogConfig: Setting CVar [[r.Mobile.EnableMovableLightCSMShaderCulling:1]]
[2021.09.03-07.59.54:851][  0]LogConfig: Setting CVar [[r.Mobile.AllowDistanceFieldShadows:1]]
[2021.09.03-07.59.54:851][  0]LogConfig: Setting CVar [[r.Mobile.AllowMovableDirectionalLights:1]]
[2021.09.03-07.59.54:851][  0]LogConfig: Setting CVar [[r.MobileNumDynamicPointLights:4]]
[2021.09.03-07.59.54:851][  0]LogConfig: Setting CVar [[r.MobileDynamicPointLightsUseStaticBranch:1]]
[2021.09.03-07.59.54:851][  0]LogConfig: Setting CVar [[r.Mobile.EnableMovableSpotlights:0]]
[2021.09.03-07.59.54:851][  0]LogConfig: Setting CVar [[r.GPUSkin.Support16BitBoneIndex:0]]
[2021.09.03-07.59.54:851][  0]LogConfig: Setting CVar [[r.GPUSkin.Limit2BoneInfluences:0]]
[2021.09.03-07.59.54:851][  0]LogConfig: Setting CVar [[r.SupportDepthOnlyIndexBuffers:1]]
[2021.09.03-07.59.54:851][  0]LogConfig: Setting CVar [[r.SupportReversedIndexBuffers:1]]
[2021.09.03-07.59.54:851][  0]LogConfig: Setting CVar [[r.SupportMaterialLayers:0]]
[2021.09.03-07.59.54:851][  0]LogConfig: Setting CVar [[r.LightPropagationVolume:0]]
[2021.09.03-07.59.54:851][  0]LogConfig: Applying CVar settings from Section [/Script/Engine.RendererOverrideSettings] File [C:/Users/happl/OneDrive/Documents/GitHub/Grow_Wings/GrowWings/Saved/Config/Windows/Engine.ini]
[2021.09.03-07.59.54:851][  0]LogConfig: Applying CVar settings from Section [/Script/Engine.StreamingSettings] File [C:/Users/happl/OneDrive/Documents/GitHub/Grow_Wings/GrowWings/Saved/Config/Windows/Engine.ini]
[2021.09.03-07.59.54:851][  0]LogConfig: Setting CVar [[s.MinBulkDataSizeForAsyncLoading:131072]]
[2021.09.03-07.59.54:851][  0]LogConfig: Setting CVar [[s.AsyncLoadingThreadEnabled:0]]
[2021.09.03-07.59.54:851][  0]LogConfig: Setting CVar [[s.EventDrivenLoaderEnabled:1]]
[2021.09.03-07.59.54:851][  0]LogConfig: Setting CVar [[s.WarnIfTimeLimitExceeded:0]]
[2021.09.03-07.59.54:851][  0]LogConfig: Setting CVar [[s.TimeLimitExceededMultiplier:1.5]]
[2021.09.03-07.59.54:851][  0]LogConfig: Setting CVar [[s.TimeLimitExceededMinTime:0.005]]
[2021.09.03-07.59.54:851][  0]LogConfig: Setting CVar [[s.UseBackgroundLevelStreaming:1]]
[2021.09.03-07.59.54:851][  0]LogConfig: Setting CVar [[s.PriorityAsyncLoadingExtraTime:15.0]]
[2021.09.03-07.59.54:851][  0]LogConfig: Setting CVar [[s.LevelStreamingActorsUpdateTimeLimit:5.0]]
[2021.09.03-07.59.54:851][  0]LogConfig: Setting CVar [[s.PriorityLevelStreamingActorsUpdateExtraTime:5.0]]
[2021.09.03-07.59.54:851][  0]LogConfig: Setting CVar [[s.LevelStreamingComponentsRegistrationGranularity:10]]
[2021.09.03-07.59.54:851][  0]LogConfig: Setting CVar [[s.UnregisterComponentsTimeLimit:1.0]]
[2021.09.03-07.59.54:851][  0]LogConfig: Setting CVar [[s.LevelStreamingComponentsUnregistrationGranularity:5]]
[2021.09.03-07.59.54:851][  0]LogConfig: Setting CVar [[s.FlushStreamingOnExit:1]]
[2021.09.03-07.59.54:851][  0]LogConfig: Applying CVar settings from Section [/Script/Engine.GarbageCollectionSettings] File [C:/Users/happl/OneDrive/Documents/GitHub/Grow_Wings/GrowWings/Saved/Config/Windows/Engine.ini]
[2021.09.03-07.59.54:851][  0]LogConfig: Setting CVar [[gc.MaxObjectsNotConsideredByGC:1]]
[2021.09.03-07.59.54:851][  0]LogConfig: Setting CVar [[gc.SizeOfPermanentObjectPool:0]]
[2021.09.03-07.59.54:852][  0]LogConfig: Setting CVar [[gc.FlushStreamingOnGC:0]]
[2021.09.03-07.59.54:852][  0]LogConfig: Setting CVar [[gc.NumRetriesBeforeForcingGC:10]]
[2021.09.03-07.59.54:852][  0]LogConfig: Setting CVar [[gc.AllowParallelGC:1]]
[2021.09.03-07.59.54:852][  0]LogConfig: Setting CVar [[gc.TimeBetweenPurgingPendingKillObjects:61.1]]
[2021.09.03-07.59.54:852][  0]LogConfig: Setting CVar [[gc.MaxObjectsInEditor:25165824]]
[2021.09.03-07.59.54:852][  0]LogConfig: Setting CVar [[gc.IncrementalBeginDestroyEnabled:1]]
[2021.09.03-07.59.54:852][  0]LogConfig: Setting CVar [[gc.CreateGCClusters:1]]
[2021.09.03-07.59.54:852][  0]LogConfig: Setting CVar [[gc.MinGCClusterSize:5]]
[2021.09.03-07.59.54:852][  0]LogConfig: Setting CVar [[gc.ActorClusteringEnabled:0]]
[2021.09.03-07.59.54:852][  0]LogConfig: Setting CVar [[gc.BlueprintClusteringEnabled:0]]
[2021.09.03-07.59.54:852][  0]LogConfig: Setting CVar [[gc.UseDisregardForGCOnDedicatedServers:0]]
[2021.09.03-07.59.54:852][  0]LogConfig: Applying CVar settings from Section [/Script/Engine.NetworkSettings] File [C:/Users/happl/OneDrive/Documents/GitHub/Grow_Wings/GrowWings/Saved/Config/Windows/Engine.ini]
[2021.09.03-07.59.54:852][  0]LogConfig: Applying CVar settings from Section [/Script/UnrealEd.CookerSettings] File [C:/Users/happl/OneDrive/Documents/GitHub/Grow_Wings/GrowWings/Saved/Config/Windows/Engine.ini]
[2021.09.03-07.59.54:860][  0]LogConfig: Applying CVar settings from Section [ViewDistanceQuality@3] File [C:/Users/happl/OneDrive/Documents/GitHub/Grow_Wings/GrowWings/Saved/Config/Windows/Scalability.ini]
[2021.09.03-07.59.54:860][  0]LogConfig: Setting CVar [[r.SkeletalMeshLODBias:0]]
[2021.09.03-07.59.54:860][  0]LogConfig: Setting CVar [[r.ViewDistanceScale:1.0]]
[2021.09.03-07.59.54:860][  0]LogConfig: Applying CVar settings from Section [AntiAliasingQuality@3] File [C:/Users/happl/OneDrive/Documents/GitHub/Grow_Wings/GrowWings/Saved/Config/Windows/Scalability.ini]
[2021.09.03-07.59.54:860][  0]LogConfig: Setting CVar [[r.PostProcessAAQuality:4]]
[2021.09.03-07.59.54:860][  0]LogConfig: Applying CVar settings from Section [ShadowQuality@3] File [C:/Users/happl/OneDrive/Documents/GitHub/Grow_Wings/GrowWings/Saved/Config/Windows/Scalability.ini]
[2021.09.03-07.59.54:860][  0]LogConfig: Setting CVar [[r.LightFunctionQuality:1]]
[2021.09.03-07.59.54:860][  0]LogConfig: Setting CVar [[r.ShadowQuality:5]]
[2021.09.03-07.59.54:860][  0]LogConfig: Setting CVar [[r.Shadow.CSM.MaxCascades:10]]
[2021.09.03-07.59.54:860][  0]LogConfig: Setting CVar [[r.Shadow.MaxResolution:2048]]
[2021.09.03-07.59.54:860][  0]LogConfig: Setting CVar [[r.Shadow.MaxCSMResolution:2048]]
[2021.09.03-07.59.54:860][  0]LogConfig: Setting CVar [[r.Shadow.RadiusThreshold:0.01]]
[2021.09.03-07.59.54:860][  0]LogConfig: Setting CVar [[r.Shadow.DistanceScale:1.0]]
[2021.09.03-07.59.54:860][  0]LogConfig: Setting CVar [[r.Shadow.CSM.TransitionScale:1.0]]
[2021.09.03-07.59.54:860][  0]LogConfig: Setting CVar [[r.Shadow.PreShadowResolutionFactor:1.0]]
[2021.09.03-07.59.54:860][  0]LogConfig: Setting CVar [[r.DistanceFieldShadowing:1]]
[2021.09.03-07.59.54:860][  0]LogConfig: Setting CVar [[r.DistanceFieldAO:1]]
[2021.09.03-07.59.54:860][  0]LogConfig: Setting CVar [[r.AOQuality:2]]
[2021.09.03-07.59.54:860][  0]LogConfig: Setting CVar [[r.VolumetricFog:1]]
[2021.09.03-07.59.54:860][  0]LogConfig: Setting CVar [[r.VolumetricFog.GridPixelSize:8]]
[2021.09.03-07.59.54:860][  0]LogConfig: Setting CVar [[r.VolumetricFog.GridSizeZ:128]]
[2021.09.03-07.59.54:860][  0]LogConfig: Setting CVar [[r.VolumetricFog.HistoryMissSupersampleCount:4]]
[2021.09.03-07.59.54:860][  0]LogConfig: Setting CVar [[r.LightMaxDrawDistanceScale:1]]
[2021.09.03-07.59.54:860][  0]LogConfig: Setting CVar [[r.CapsuleShadows:1]]
[2021.09.03-07.59.54:860][  0]LogConfig: Applying CVar settings from Section [PostProcessQuality@3] File [C:/Users/happl/OneDrive/Documents/GitHub/Grow_Wings/GrowWings/Saved/Config/Windows/Scalability.ini]
[2021.09.03-07.59.54:860][  0]LogConfig: Setting CVar [[r.MotionBlurQuality:4]]
[2021.09.03-07.59.54:860][  0]LogConfig: Setting CVar [[r.AmbientOcclusionMipLevelFactor:0.4]]
[2021.09.03-07.59.54:860][  0]LogConfig: Setting CVar [[r.AmbientOcclusionMaxQuality:100]]
[2021.09.03-07.59.54:860][  0]LogConfig: Setting CVar [[r.AmbientOcclusionLevels:-1]]
[2021.09.03-07.59.54:860][  0]LogConfig: Setting CVar [[r.AmbientOcclusionRadiusScale:1.0]]
[2021.09.03-07.59.54:860][  0]LogConfig: Setting CVar [[r.DepthOfFieldQuality:2]]
[2021.09.03-07.59.54:860][  0]LogConfig: Setting CVar [[r.RenderTargetPoolMin:400]]
[2021.09.03-07.59.54:860][  0]LogConfig: Setting CVar [[r.LensFlareQuality:2]]
[2021.09.03-07.59.54:860][  0]LogConfig: Setting CVar [[r.SceneColorFringeQuality:1]]
[2021.09.03-07.59.54:860][  0]LogConfig: Setting CVar [[r.EyeAdaptationQuality:2]]
[2021.09.03-07.59.54:860][  0]LogConfig: Setting CVar [[r.BloomQuality:5]]
[2021.09.03-07.59.54:860][  0]LogConfig: Setting CVar [[r.FastBlurThreshold:100]]
[2021.09.03-07.59.54:860][  0]LogConfig: Setting CVar [[r.Upscale.Quality:3]]
[2021.09.03-07.59.54:860][  0]LogConfig: Setting CVar [[r.Tonemapper.GrainQuantization:1]]
[2021.09.03-07.59.54:860][  0]LogConfig: Setting CVar [[r.LightShaftQuality:1]]
[2021.09.03-07.59.54:860][  0]LogConfig: Setting CVar [[r.Filter.SizeScale:1]]
[2021.09.03-07.59.54:860][  0]LogConfig: Setting CVar [[r.Tonemapper.Quality:5]]
[2021.09.03-07.59.54:860][  0]LogConfig: Setting CVar [[r.DOF.Gather.AccumulatorQuality:1        ; higher gathering accumulator quality]]
[2021.09.03-07.59.54:861][  0]LogConfig: Setting CVar [[r.DOF.Gather.PostfilterMethod:1          ; Median3x3 postfilering method]]
[2021.09.03-07.59.54:861][  0]LogConfig: Setting CVar [[r.DOF.Gather.EnableBokehSettings:0       ; no bokeh simulation when gathering]]
[2021.09.03-07.59.54:861][  0]LogConfig: Setting CVar [[r.DOF.Gather.RingCount:4                 ; medium number of samples when gathering]]
[2021.09.03-07.59.54:861][  0]LogConfig: Setting CVar [[r.DOF.Scatter.ForegroundCompositing:1    ; additive foreground scattering]]
[2021.09.03-07.59.54:861][  0]LogConfig: Setting CVar [[r.DOF.Scatter.BackgroundCompositing:2    ; additive background scattering]]
[2021.09.03-07.59.54:861][  0]LogConfig: Setting CVar [[r.DOF.Scatter.EnableBokehSettings:1      ; bokeh simulation when scattering]]
[2021.09.03-07.59.54:861][  0]LogConfig: Setting CVar [[r.DOF.Scatter.MaxSpriteRatio:0.1         ; only a maximum of 10% of scattered bokeh]]
[2021.09.03-07.59.54:861][  0]LogConfig: Setting CVar [[r.DOF.Recombine.Quality:1                ; cheap slight out of focus]]
[2021.09.03-07.59.54:861][  0]LogConfig: Setting CVar [[r.DOF.Recombine.EnableBokehSettings:0    ; no bokeh simulation on slight out of focus]]
[2021.09.03-07.59.54:861][  0]LogConfig: Setting CVar [[r.DOF.TemporalAAQuality:1                ; more stable temporal accumulation]]
[2021.09.03-07.59.54:861][  0]LogConfig: Setting CVar [[r.DOF.Kernel.MaxForegroundRadius:0.025]]
[2021.09.03-07.59.54:861][  0]LogConfig: Setting CVar [[r.DOF.Kernel.MaxBackgroundRadius:0.025]]
[2021.09.03-07.59.54:861][  0]LogConfig: Applying CVar settings from Section [TextureQuality@3] File [C:/Users/happl/OneDrive/Documents/GitHub/Grow_Wings/GrowWings/Saved/Config/Windows/Scalability.ini]
[2021.09.03-07.59.54:861][  0]LogConfig: Setting CVar [[r.Streaming.MipBias:0]]
[2021.09.03-07.59.54:861][  0]LogConfig: Setting CVar [[r.Streaming.AmortizeCPUToGPUCopy:0]]
[2021.09.03-07.59.54:861][  0]LogConfig: Setting CVar [[r.Streaming.MaxNumTexturesToStreamPerFrame:0]]
[2021.09.03-07.59.54:861][  0]LogConfig: Setting CVar [[r.Streaming.Boost:1]]
[2021.09.03-07.59.54:861][  0]LogConfig: Setting CVar [[r.MaxAnisotropy:8]]
[2021.09.03-07.59.54:861][  0]LogConfig: Setting CVar [[r.VT.MaxAnisotropy:8]]
[2021.09.03-07.59.54:861][  0]LogConfig: Setting CVar [[r.Streaming.LimitPoolSizeToVRAM:0]]
[2021.09.03-07.59.54:861][  0]LogConfig: Setting CVar [[r.Streaming.PoolSize:1000]]
[2021.09.03-07.59.54:861][  0]LogConfig: Setting CVar [[r.Streaming.MaxEffectiveScreenSize:0]]
[2021.09.03-07.59.54:861][  0]LogConfig: Applying CVar settings from Section [EffectsQuality@3] File [C:/Users/happl/OneDrive/Documents/GitHub/Grow_Wings/GrowWings/Saved/Config/Windows/Scalability.ini]
[2021.09.03-07.59.54:861][  0]LogConfig: Setting CVar [[r.TranslucencyLightingVolumeDim:64]]
[2021.09.03-07.59.54:861][  0]LogConfig: Setting CVar [[r.RefractionQuality:2]]
[2021.09.03-07.59.54:861][  0]LogConfig: Setting CVar [[r.SSR.Quality:3]]
[2021.09.03-07.59.54:861][  0]LogConfig: Setting CVar [[r.SSR.HalfResSceneColor:0]]
[2021.09.03-07.59.54:861][  0]LogConfig: Setting CVar [[r.SceneColorFormat:4]]
[2021.09.03-07.59.54:861][  0]LogConfig: Setting CVar [[r.DetailMode:2]]
[2021.09.03-07.59.54:861][  0]LogConfig: Setting CVar [[r.TranslucencyVolumeBlur:1]]
[2021.09.03-07.59.54:861][  0]LogConfig: Setting CVar [[r.MaterialQualityLevel:1 ; High quality]]
[2021.09.03-07.59.54:861][  0]LogConfig: Setting CVar [[r.SSS.Scale:1]]
[2021.09.03-07.59.54:861][  0]LogConfig: Setting CVar [[r.SSS.SampleSet:2]]
[2021.09.03-07.59.54:861][  0]LogConfig: Setting CVar [[r.SSS.Quality:1]]
[2021.09.03-07.59.54:861][  0]LogConfig: Setting CVar [[r.SSS.HalfRes:0]]
[2021.09.03-07.59.54:861][  0]LogConfig: Setting CVar [[r.SSGI.Quality:3]]
[2021.09.03-07.59.54:861][  0]LogConfig: Setting CVar [[r.EmitterSpawnRateScale:1.0]]
[2021.09.03-07.59.54:861][  0]LogConfig: Setting CVar [[r.ParticleLightQuality:2]]
[2021.09.03-07.59.54:861][  0]LogConfig: Setting CVar [[r.SkyAtmosphere.AerialPerspectiveLUT.FastApplyOnOpaque:1 ; Always have FastSkyLUT 1 in this case to avoid wrong sky]]
[2021.09.03-07.59.54:861][  0]LogConfig: Setting CVar [[r.SkyAtmosphere.AerialPerspectiveLUT.SampleCountPerSlice:1]]
[2021.09.03-07.59.54:861][  0]LogConfig: Setting CVar [[r.SkyAtmosphere.AerialPerspectiveLUT.DepthResolution:16.0]]
[2021.09.03-07.59.54:861][  0]LogConfig: Setting CVar [[r.SkyAtmosphere.FastSkyLUT:1]]
[2021.09.03-07.59.54:861][  0]LogConfig: Setting CVar [[r.SkyAtmosphere.FastSkyLUT.SampleCountMin:4.0]]
[2021.09.03-07.59.54:861][  0]LogConfig: Setting CVar [[r.SkyAtmosphere.FastSkyLUT.SampleCountMax:32.0]]
[2021.09.03-07.59.54:861][  0]LogConfig: Setting CVar [[r.SkyAtmosphere.SampleCountMin:4.0]]
[2021.09.03-07.59.54:861][  0]LogConfig: Setting CVar [[r.SkyAtmosphere.SampleCountMax:32.0]]
[2021.09.03-07.59.54:861][  0]LogConfig: Setting CVar [[r.SkyAtmosphere.TransmittanceLUT.UseSmallFormat:0]]
[2021.09.03-07.59.54:861][  0]LogConfig: Setting CVar [[r.SkyAtmosphere.TransmittanceLUT.SampleCount:10.0]]
[2021.09.03-07.59.54:861][  0]LogConfig: Setting CVar [[r.SkyAtmosphere.MultiScatteringLUT.SampleCount:15.0]]
[2021.09.03-07.59.54:861][  0]LogConfig: Applying CVar settings from Section [FoliageQuality@3] File [C:/Users/happl/OneDrive/Documents/GitHub/Grow_Wings/GrowWings/Saved/Config/Windows/Scalability.ini]
[2021.09.03-07.59.54:861][  0]LogConfig: Setting CVar [[foliage.DensityScale:1.0]]
[2021.09.03-07.59.54:861][  0]LogConfig: Setting CVar [[grass.DensityScale:1.0]]
[2021.09.03-07.59.54:861][  0]LogConfig: Applying CVar settings from Section [ShadingQuality@3] File [C:/Users/happl/OneDrive/Documents/GitHub/Grow_Wings/GrowWings/Saved/Config/Windows/Scalability.ini]
[2021.09.03-07.59.54:861][  0]LogConfig: Setting CVar [[r.HairStrands.SkyLighting.SampleCount:16]]
[2021.09.03-07.59.54:861][  0]LogConfig: Setting CVar [[r.HairStrands.SkyLighting.JitterIntegration:0]]
[2021.09.03-07.59.54:861][  0]LogConfig: Setting CVar [[r.HairStrands.SkyAO.SampleCount:16]]
[2021.09.03-07.59.54:861][  0]LogConfig: Setting CVar [[r.HairStrands.DeepShadow.SuperSampling:0]]
[2021.09.03-07.59.54:861][  0]LogConfig: Setting CVar [[r.HairStrands.VisibilityPPLL:0]]
[2021.09.03-07.59.54:861][  0]LogConfig: Setting CVar [[r.HairStrands.RasterizationScale:0.5]]
[2021.09.03-07.59.54:861][  0]LogConfig: Setting CVar [[r.HairStrands.VelocityRasterizationScale:1]]
[2021.09.03-07.59.54:861][  0]LogInit: Selected Device Profile: [Windows]
[2021.09.03-07.59.54:861][  0]LogInit: Applying CVar settings loaded from the selected device profile: [Windows]
[2021.09.03-07.59.54:862][  0]LogHAL: Display: Platform has ~ 20 GB [21385142272 / 34359738368 / 20], which maps to Larger [LargestMinGB=32, LargerMinGB=12, DefaultMinGB=8, SmallerMinGB=6, SmallestMinGB=0)
[2021.09.03-07.59.54:862][  0]LogInit: Going up to parent DeviceProfile []
[2021.09.03-07.59.54:862][  0]LogConfig: Applying CVar settings from Section [ViewDistanceQuality@3] File [C:/Users/happl/OneDrive/Documents/GitHub/Grow_Wings/GrowWings/Saved/Config/Windows/Scalability.ini]
[2021.09.03-07.59.54:862][  0]LogConfig: Setting CVar [[r.SkeletalMeshLODBias:0]]
[2021.09.03-07.59.54:862][  0]LogConfig: Setting CVar [[r.ViewDistanceScale:1.0]]
[2021.09.03-07.59.54:862][  0]LogConfig: Applying CVar settings from Section [AntiAliasingQuality@3] File [C:/Users/happl/OneDrive/Documents/GitHub/Grow_Wings/GrowWings/Saved/Config/Windows/Scalability.ini]
[2021.09.03-07.59.54:862][  0]LogConfig: Setting CVar [[r.PostProcessAAQuality:4]]
[2021.09.03-07.59.54:862][  0]LogConfig: Applying CVar settings from Section [ShadowQuality@3] File [C:/Users/happl/OneDrive/Documents/GitHub/Grow_Wings/GrowWings/Saved/Config/Windows/Scalability.ini]
[2021.09.03-07.59.54:862][  0]LogConfig: Setting CVar [[r.LightFunctionQuality:1]]
[2021.09.03-07.59.54:862][  0]LogConfig: Setting CVar [[r.ShadowQuality:5]]
[2021.09.03-07.59.54:862][  0]LogConfig: Setting CVar [[r.Shadow.CSM.MaxCascades:10]]
[2021.09.03-07.59.54:862][  0]LogConfig: Setting CVar [[r.Shadow.MaxResolution:2048]]
[2021.09.03-07.59.54:862][  0]LogConfig: Setting CVar [[r.Shadow.MaxCSMResolution:2048]]
[2021.09.03-07.59.54:862][  0]LogConfig: Setting CVar [[r.Shadow.RadiusThreshold:0.01]]
[2021.09.03-07.59.54:862][  0]LogConfig: Setting CVar [[r.Shadow.DistanceScale:1.0]]
[2021.09.03-07.59.54:862][  0]LogConfig: Setting CVar [[r.Shadow.CSM.TransitionScale:1.0]]
[2021.09.03-07.59.54:862][  0]LogConfig: Setting CVar [[r.Shadow.PreShadowResolutionFactor:1.0]]
[2021.09.03-07.59.54:862][  0]LogConfig: Setting CVar [[r.DistanceFieldShadowing:1]]
[2021.09.03-07.59.54:862][  0]LogConfig: Setting CVar [[r.DistanceFieldAO:1]]
[2021.09.03-07.59.54:862][  0]LogConfig: Setting CVar [[r.AOQuality:2]]
[2021.09.03-07.59.54:862][  0]LogConfig: Setting CVar [[r.VolumetricFog:1]]
[2021.09.03-07.59.54:862][  0]LogConfig: Setting CVar [[r.VolumetricFog.GridPixelSize:8]]
[2021.09.03-07.59.54:862][  0]LogConfig: Setting CVar [[r.VolumetricFog.GridSizeZ:128]]
[2021.09.03-07.59.54:862][  0]LogConfig: Setting CVar [[r.VolumetricFog.HistoryMissSupersampleCount:4]]
[2021.09.03-07.59.54:862][  0]LogConfig: Setting CVar [[r.LightMaxDrawDistanceScale:1]]
[2021.09.03-07.59.54:862][  0]LogConfig: Setting CVar [[r.CapsuleShadows:1]]
[2021.09.03-07.59.54:862][  0]LogConfig: Applying CVar settings from Section [PostProcessQuality@3] File [C:/Users/happl/OneDrive/Documents/GitHub/Grow_Wings/GrowWings/Saved/Config/Windows/Scalability.ini]
[2021.09.03-07.59.54:862][  0]LogConfig: Setting CVar [[r.MotionBlurQuality:4]]
[2021.09.03-07.59.54:862][  0]LogConfig: Setting CVar [[r.AmbientOcclusionMipLevelFactor:0.4]]
[2021.09.03-07.59.54:862][  0]LogConfig: Setting CVar [[r.AmbientOcclusionMaxQuality:100]]
[2021.09.03-07.59.54:862][  0]LogConfig: Setting CVar [[r.AmbientOcclusionLevels:-1]]
[2021.09.03-07.59.54:862][  0]LogConfig: Setting CVar [[r.AmbientOcclusionRadiusScale:1.0]]
[2021.09.03-07.59.54:862][  0]LogConfig: Setting CVar [[r.DepthOfFieldQuality:2]]
[2021.09.03-07.59.54:862][  0]LogConfig: Setting CVar [[r.RenderTargetPoolMin:400]]
[2021.09.03-07.59.54:862][  0]LogConfig: Setting CVar [[r.LensFlareQuality:2]]
[2021.09.03-07.59.54:862][  0]LogConfig: Setting CVar [[r.SceneColorFringeQuality:1]]
[2021.09.03-07.59.54:862][  0]LogConfig: Setting CVar [[r.EyeAdaptationQuality:2]]
[2021.09.03-07.59.54:862][  0]LogConfig: Setting CVar [[r.BloomQuality:5]]
[2021.09.03-07.59.54:862][  0]LogConfig: Setting CVar [[r.FastBlurThreshold:100]]
[2021.09.03-07.59.54:862][  0]LogConfig: Setting CVar [[r.Upscale.Quality:3]]
[2021.09.03-07.59.54:862][  0]LogConfig: Setting CVar [[r.Tonemapper.GrainQuantization:1]]
[2021.09.03-07.59.54:862][  0]LogConfig: Setting CVar [[r.LightShaftQuality:1]]
[2021.09.03-07.59.54:862][  0]LogConfig: Setting CVar [[r.Filter.SizeScale:1]]
[2021.09.03-07.59.54:862][  0]LogConfig: Setting CVar [[r.Tonemapper.Quality:5]]
[2021.09.03-07.59.54:862][  0]LogConfig: Setting CVar [[r.DOF.Gather.AccumulatorQuality:1        ; higher gathering accumulator quality]]
[2021.09.03-07.59.54:862][  0]LogConfig: Setting CVar [[r.DOF.Gather.PostfilterMethod:1          ; Median3x3 postfilering method]]
[2021.09.03-07.59.54:862][  0]LogConfig: Setting CVar [[r.DOF.Gather.EnableBokehSettings:0       ; no bokeh simulation when gathering]]
[2021.09.03-07.59.54:862][  0]LogConfig: Setting CVar [[r.DOF.Gather.RingCount:4                 ; medium number of samples when gathering]]
[2021.09.03-07.59.54:862][  0]LogConfig: Setting CVar [[r.DOF.Scatter.ForegroundCompositing:1    ; additive foreground scattering]]
[2021.09.03-07.59.54:862][  0]LogConfig: Setting CVar [[r.DOF.Scatter.BackgroundCompositing:2    ; additive background scattering]]
[2021.09.03-07.59.54:862][  0]LogConfig: Setting CVar [[r.DOF.Scatter.EnableBokehSettings:1      ; bokeh simulation when scattering]]
[2021.09.03-07.59.54:862][  0]LogConfig: Setting CVar [[r.DOF.Scatter.MaxSpriteRatio:0.1         ; only a maximum of 10% of scattered bokeh]]
[2021.09.03-07.59.54:862][  0]LogConfig: Setting CVar [[r.DOF.Recombine.Quality:1                ; cheap slight out of focus]]
[2021.09.03-07.59.54:862][  0]LogConfig: Setting CVar [[r.DOF.Recombine.EnableBokehSettings:0    ; no bokeh simulation on slight out of focus]]
[2021.09.03-07.59.54:862][  0]LogConfig: Setting CVar [[r.DOF.TemporalAAQuality:1                ; more stable temporal accumulation]]
[2021.09.03-07.59.54:862][  0]LogConfig: Setting CVar [[r.DOF.Kernel.MaxForegroundRadius:0.025]]
[2021.09.03-07.59.54:862][  0]LogConfig: Setting CVar [[r.DOF.Kernel.MaxBackgroundRadius:0.025]]
[2021.09.03-07.59.54:862][  0]LogConfig: Applying CVar settings from Section [TextureQuality@3] File [C:/Users/happl/OneDrive/Documents/GitHub/Grow_Wings/GrowWings/Saved/Config/Windows/Scalability.ini]
[2021.09.03-07.59.54:862][  0]LogConfig: Setting CVar [[r.Streaming.MipBias:0]]
[2021.09.03-07.59.54:862][  0]LogConfig: Setting CVar [[r.Streaming.AmortizeCPUToGPUCopy:0]]
[2021.09.03-07.59.54:862][  0]LogConfig: Setting CVar [[r.Streaming.MaxNumTexturesToStreamPerFrame:0]]
[2021.09.03-07.59.54:863][  0]LogConfig: Setting CVar [[r.Streaming.Boost:1]]
[2021.09.03-07.59.54:863][  0]LogConfig: Setting CVar [[r.MaxAnisotropy:8]]
[2021.09.03-07.59.54:863][  0]LogConfig: Setting CVar [[r.VT.MaxAnisotropy:8]]
[2021.09.03-07.59.54:863][  0]LogConfig: Setting CVar [[r.Streaming.LimitPoolSizeToVRAM:0]]
[2021.09.03-07.59.54:863][  0]LogConfig: Setting CVar [[r.Streaming.PoolSize:1000]]
[2021.09.03-07.59.54:863][  0]LogConfig: Setting CVar [[r.Streaming.MaxEffectiveScreenSize:0]]
[2021.09.03-07.59.54:863][  0]LogConfig: Applying CVar settings from Section [EffectsQuality@3] File [C:/Users/happl/OneDrive/Documents/GitHub/Grow_Wings/GrowWings/Saved/Config/Windows/Scalability.ini]
[2021.09.03-07.59.54:863][  0]LogConfig: Setting CVar [[r.TranslucencyLightingVolumeDim:64]]
[2021.09.03-07.59.54:863][  0]LogConfig: Setting CVar [[r.RefractionQuality:2]]
[2021.09.03-07.59.54:863][  0]LogConfig: Setting CVar [[r.SSR.Quality:3]]
[2021.09.03-07.59.54:863][  0]LogConfig: Setting CVar [[r.SSR.HalfResSceneColor:0]]
[2021.09.03-07.59.54:863][  0]LogConfig: Setting CVar [[r.SceneColorFormat:4]]
[2021.09.03-07.59.54:863][  0]LogConfig: Setting CVar [[r.DetailMode:2]]
[2021.09.03-07.59.54:863][  0]LogConfig: Setting CVar [[r.TranslucencyVolumeBlur:1]]
[2021.09.03-07.59.54:863][  0]LogConfig: Setting CVar [[r.MaterialQualityLevel:1 ; High quality]]
[2021.09.03-07.59.54:863][  0]LogConfig: Setting CVar [[r.SSS.Scale:1]]
[2021.09.03-07.59.54:863][  0]LogConfig: Setting CVar [[r.SSS.SampleSet:2]]
[2021.09.03-07.59.54:863][  0]LogConfig: Setting CVar [[r.SSS.Quality:1]]
[2021.09.03-07.59.54:863][  0]LogConfig: Setting CVar [[r.SSS.HalfRes:0]]
[2021.09.03-07.59.54:863][  0]LogConfig: Setting CVar [[r.SSGI.Quality:3]]
[2021.09.03-07.59.54:863][  0]LogConfig: Setting CVar [[r.EmitterSpawnRateScale:1.0]]
[2021.09.03-07.59.54:863][  0]LogConfig: Setting CVar [[r.ParticleLightQuality:2]]
[2021.09.03-07.59.54:863][  0]LogConfig: Setting CVar [[r.SkyAtmosphere.AerialPerspectiveLUT.FastApplyOnOpaque:1 ; Always have FastSkyLUT 1 in this case to avoid wrong sky]]
[2021.09.03-07.59.54:863][  0]LogConfig: Setting CVar [[r.SkyAtmosphere.AerialPerspectiveLUT.SampleCountPerSlice:1]]
[2021.09.03-07.59.54:863][  0]LogConfig: Setting CVar [[r.SkyAtmosphere.AerialPerspectiveLUT.DepthResolution:16.0]]
[2021.09.03-07.59.54:863][  0]LogConfig: Setting CVar [[r.SkyAtmosphere.FastSkyLUT:1]]
[2021.09.03-07.59.54:863][  0]LogConfig: Setting CVar [[r.SkyAtmosphere.FastSkyLUT.SampleCountMin:4.0]]
[2021.09.03-07.59.54:863][  0]LogConfig: Setting CVar [[r.SkyAtmosphere.FastSkyLUT.SampleCountMax:32.0]]
[2021.09.03-07.59.54:863][  0]LogConfig: Setting CVar [[r.SkyAtmosphere.SampleCountMin:4.0]]
[2021.09.03-07.59.54:863][  0]LogConfig: Setting CVar [[r.SkyAtmosphere.SampleCountMax:32.0]]
[2021.09.03-07.59.54:863][  0]LogConfig: Setting CVar [[r.SkyAtmosphere.TransmittanceLUT.UseSmallFormat:0]]
[2021.09.03-07.59.54:863][  0]LogConfig: Setting CVar [[r.SkyAtmosphere.TransmittanceLUT.SampleCount:10.0]]
[2021.09.03-07.59.54:863][  0]LogConfig: Setting CVar [[r.SkyAtmosphere.MultiScatteringLUT.SampleCount:15.0]]
[2021.09.03-07.59.54:863][  0]LogConfig: Applying CVar settings from Section [FoliageQuality@3] File [C:/Users/happl/OneDrive/Documents/GitHub/Grow_Wings/GrowWings/Saved/Config/Windows/Scalability.ini]
[2021.09.03-07.59.54:863][  0]LogConfig: Setting CVar [[foliage.DensityScale:1.0]]
[2021.09.03-07.59.54:863][  0]LogConfig: Setting CVar [[grass.DensityScale:1.0]]
[2021.09.03-07.59.54:863][  0]LogConfig: Applying CVar settings from Section [ShadingQuality@3] File [C:/Users/happl/OneDrive/Documents/GitHub/Grow_Wings/GrowWings/Saved/Config/Windows/Scalability.ini]
[2021.09.03-07.59.54:863][  0]LogConfig: Setting CVar [[r.HairStrands.SkyLighting.SampleCount:16]]
[2021.09.03-07.59.54:863][  0]LogConfig: Setting CVar [[r.HairStrands.SkyLighting.JitterIntegration:0]]
[2021.09.03-07.59.54:863][  0]LogConfig: Setting CVar [[r.HairStrands.SkyAO.SampleCount:16]]
[2021.09.03-07.59.54:863][  0]LogConfig: Setting CVar [[r.HairStrands.DeepShadow.SuperSampling:0]]
[2021.09.03-07.59.54:863][  0]LogConfig: Setting CVar [[r.HairStrands.VisibilityPPLL:0]]
[2021.09.03-07.59.54:863][  0]LogConfig: Setting CVar [[r.HairStrands.RasterizationScale:0.5]]
[2021.09.03-07.59.54:863][  0]LogConfig: Setting CVar [[r.HairStrands.VelocityRasterizationScale:1]]
[2021.09.03-07.59.54:863][  0]LogConfig: Applying CVar settings from Section [Startup] File [../../../Engine/Config/ConsoleVariables.ini]
[2021.09.03-07.59.54:864][  0]LogConfig: Setting CVar [[net.UseAdaptiveNetUpdateFrequency:0]]
[2021.09.03-07.59.54:864][  0]LogConfig: Setting CVar [[p.chaos.AllowCreatePhysxBodies:1]]
[2021.09.03-07.59.54:864][  0]LogConfig: Setting CVar [[fx.SkipVectorVMBackendOptimizations:1]]
[2021.09.03-07.59.54:864][  0]LogConfig: Applying CVar settings from Section [ConsoleVariables] File [C:/Users/happl/OneDrive/Documents/GitHub/Grow_Wings/GrowWings/Saved/Config/Windows/Engine.ini]
[2021.09.03-07.59.54:864][  0]LogInit: Computer: 2WINGS
[2021.09.03-07.59.54:864][  0]LogInit: User: happl
[2021.09.03-07.59.54:864][  0]LogInit: CPU Page size=4096, Cores=4
[2021.09.03-07.59.54:864][  0]LogInit: High frequency timer resolution =10.000000 MHz
[2021.09.03-07.59.54:864][  0]LogMemory: Memory total: Physical=19.9GB (20GB approx)
[2021.09.03-07.59.54:864][  0]LogMemory: Platform Memory Stats for Windows
[2021.09.03-07.59.54:864][  0]LogMemory: Process Physical Memory: 115.23 MB used, 115.23 MB peak
[2021.09.03-07.59.54:864][  0]LogMemory: Process Virtual Memory: 97.51 MB used, 97.51 MB peak
[2021.09.03-07.59.54:864][  0]LogMemory: Physical Memory: 7151.67 MB used,  13242.79 MB free, 20394.46 MB total
[2021.09.03-07.59.54:864][  0]LogMemory: Virtual Memory: 5130.74 MB used,  134212600.00 MB free, 134217728.00 MB total
[2021.09.03-07.59.54:877][  0]LogWindows: WindowsPlatformFeatures enabled
[2021.09.03-07.59.54:943][  0]LogInit: Physics initialised using underlying interface: PhysX
[2021.09.03-07.59.54:944][  0]LogInit: Using OS detected language (ko-KR).
[2021.09.03-07.59.54:944][  0]LogInit: Using OS detected locale (ko-KR).
[2021.09.03-07.59.54:951][  0]LogTextLocalizationManager: No specific localization for 'ko-KR' exists, so the 'ko' localization will be used.
[2021.09.03-07.59.55:069][  0]LogInit: Setting process to per monitor DPI aware
[2021.09.03-07.59.55:162][  0]LogSlate: New Slate User Created.  User Index 0, Is Virtual User: 0
[2021.09.03-07.59.55:162][  0]LogSlate: Slate User Registered.  User Index 0, Is Virtual User: 0
[2021.09.03-07.59.55:524][  0]LogHMD: Failed to initialize OpenVR with code 110
[2021.09.03-07.59.55:524][  0]LogD3D11RHI: D3D11 min allowed feature level: 11_0
[2021.09.03-07.59.55:524][  0]LogD3D11RHI: D3D11 max allowed feature level: 11_0
[2021.09.03-07.59.55:524][  0]LogD3D11RHI: D3D11 adapters:
[2021.09.03-07.59.55:634][  0]LogD3D11RHI:    0. 'NVIDIA GeForce GTX 1050 Ti' (Feature Level 11_0)
[2021.09.03-07.59.55:634][  0]LogD3D11RHI:       4018/0/10197 MB DedicatedVideo/DedicatedSystem/SharedSystem, Outputs:2, VendorId:0x10de
[2021.09.03-07.59.55:684][  0]LogD3D11RHI:    1. 'Intel(R) HD Graphics 630' (Feature Level 11_0)
[2021.09.03-07.59.55:684][  0]LogD3D11RHI:       128/0/10197 MB DedicatedVideo/DedicatedSystem/SharedSystem, Outputs:0, VendorId:0x8086
[2021.09.03-07.59.55:687][  0]LogD3D11RHI:    2. 'Microsoft Basic Render Driver' (Feature Level 11_0)
[2021.09.03-07.59.55:688][  0]LogD3D11RHI:       0/0/10197 MB DedicatedVideo/DedicatedSystem/SharedSystem, Outputs:0, VendorId:0x1414
[2021.09.03-07.59.55:688][  0]LogD3D11RHI: Chosen D3D11 Adapter: 0
[2021.09.03-07.59.55:704][  0]LogD3D11RHI: Creating new Direct3DDevice
[2021.09.03-07.59.55:704][  0]LogD3D11RHI:     GPU DeviceId: 0x1c8c (for the marketing name, search the web for "GPU Device Id")
[2021.09.03-07.59.55:704][  0]LogWindows: EnumDisplayDevices:
[2021.09.03-07.59.55:704][  0]LogWindows:    0. 'Intel(R) HD Graphics 630' (P:1 D:1)
[2021.09.03-07.59.55:705][  0]LogWindows:    1. 'Intel(R) HD Graphics 630' (P:0 D:0)
[2021.09.03-07.59.55:706][  0]LogWindows:    2. 'Intel(R) HD Graphics 630' (P:0 D:0)
[2021.09.03-07.59.55:707][  0]LogWindows:    3. 'NVIDIA GeForce GTX 1050 Ti' (P:0 D:1)
[2021.09.03-07.59.55:708][  0]LogWindows: DebugString: PrimaryIsNotTheChoosenAdapter PrimaryIsNotTheChoosenAdapter PrimaryIsNotTheChoosenAdapter 
[2021.09.03-07.59.55:708][  0]LogD3D11RHI:     Adapter Name: NVIDIA GeForce GTX 1050 Ti
[2021.09.03-07.59.55:708][  0]LogD3D11RHI:   Driver Version: 442.62 (internal:26.21.14.4262, unified:442.62)
[2021.09.03-07.59.55:708][  0]LogD3D11RHI:      Driver Date: 3-8-2020
[2021.09.03-07.59.55:708][  0]LogRHI: Texture pool is 2812 MB (70% of 4018 MB)
[2021.09.03-07.59.55:780][  0]LogD3D11RHI: RHI has support for 64 bit atomics
[2021.09.03-07.59.55:781][  0]LogD3D11RHI: Async texture creation enabled
[2021.09.03-07.59.55:781][  0]LogD3D11RHI: Array index from any shader is supported
[2021.09.03-07.59.55:789][  0]LogD3D11RHI: HDR output is supported on display 1 (NvId: 0x80061083).
[2021.09.03-07.59.55:806][  0]LogD3D11RHI: GPU Timing Frequency: 1000.000000 (Debug: 2 1)
[2021.09.03-07.59.56:284][  0]LogTargetPlatformManager: Display: Loaded TargetPlatform 'AllDesktop'
[2021.09.03-07.59.56:316][  0]LogTargetPlatformManager: Display: Loaded TargetPlatform 'Android'
[2021.09.03-07.59.56:316][  0]LogTargetPlatformManager: Display: Loaded TargetPlatform 'Android_ASTC'
[2021.09.03-07.59.56:316][  0]LogTargetPlatformManager: Display: Loaded TargetPlatform 'Android_DXT'
[2021.09.03-07.59.56:316][  0]LogTargetPlatformManager: Display: Loaded TargetPlatform 'Android_ETC2'
[2021.09.03-07.59.56:316][  0]LogTargetPlatformManager: Display: Loaded TargetPlatform 'AndroidClient'
[2021.09.03-07.59.56:316][  0]LogTargetPlatformManager: Display: Loaded TargetPlatform 'Android_ASTCClient'
[2021.09.03-07.59.56:316][  0]LogTargetPlatformManager: Display: Loaded TargetPlatform 'Android_DXTClient'
[2021.09.03-07.59.56:316][  0]LogTargetPlatformManager: Display: Loaded TargetPlatform 'Android_ETC2Client'
[2021.09.03-07.59.56:316][  0]LogTargetPlatformManager: Display: Loaded TargetPlatform 'Android_Multi'
[2021.09.03-07.59.56:316][  0]LogTargetPlatformManager: Display: Loaded TargetPlatform 'Android_MultiClient'
[2021.09.03-07.59.56:355][  0]LogTargetPlatformManager: Display: Loaded TargetPlatform 'IOSClient'
[2021.09.03-07.59.56:355][  0]LogTargetPlatformManager: Display: Loaded TargetPlatform 'IOS'
[2021.09.03-07.59.56:373][  0]LogTargetPlatformManager: Display: Loaded TargetPlatform 'Linux'
[2021.09.03-07.59.56:388][  0]LogTargetPlatformManager: Display: Loaded TargetPlatform 'LinuxNoEditor'
[2021.09.03-07.59.56:402][  0]LogTargetPlatformManager: Display: Loaded TargetPlatform 'LinuxClient'
[2021.09.03-07.59.56:416][  0]LogTargetPlatformManager: Display: Loaded TargetPlatform 'LinuxServer'
[2021.09.03-07.59.56:431][  0]LogTargetPlatformManager: Display: Loaded TargetPlatform 'LinuxAArch64NoEditor'
[2021.09.03-07.59.56:445][  0]LogTargetPlatformManager: Display: Loaded TargetPlatform 'LinuxAArch64Client'
[2021.09.03-07.59.56:462][  0]LogTargetPlatformManager: Display: Loaded TargetPlatform 'LinuxAArch64Server'
[2021.09.03-07.59.56:503][  0]LogTargetPlatformManager: Display: Loaded TargetPlatform 'Lumin'
[2021.09.03-07.59.56:503][  0]LogTargetPlatformManager: Display: Loaded TargetPlatform 'LuminClient'
[2021.09.03-07.59.56:527][  0]LogTargetPlatformManager: Display: Loaded TargetPlatform 'TVOSClient'
[2021.09.03-07.59.56:527][  0]LogTargetPlatformManager: Display: Loaded TargetPlatform 'TVOS'
[2021.09.03-07.59.56:543][  0]LogTargetPlatformManager: Display: Loaded TargetPlatform 'WindowsNoEditor'
[2021.09.03-07.59.56:560][  0]LogTargetPlatformManager: Display: Loaded TargetPlatform 'Windows'
[2021.09.03-07.59.56:575][  0]LogTargetPlatformManager: Display: Loaded TargetPlatform 'WindowsClient'
[2021.09.03-07.59.56:590][  0]LogTargetPlatformManager: Display: Loaded TargetPlatform 'WindowsServer'
[2021.09.03-07.59.56:590][  0]LogTargetPlatformManager: Display: Building Assets For Windows
[2021.09.03-07.59.56:606][  0]LogAudioDebug: Display: Lib vorbis DLL was dynamically loaded.
[2021.09.03-07.59.56:726][  0]LogShaderCompilers: Guid format shader working directory is -31 characters bigger than the processId version (../../../../../../Users/happl/OneDrive/Documents/GitHub/Grow_Wings/GrowWings/Intermediate/Shaders/WorkingDirectory/12184/).
[2021.09.03-07.59.56:726][  0]LogShaderCompilers: Cleaned the shader compiler working directory 'C:/Users/happl/AppData/Local/Temp/UnrealShaderWorkingDir/B2582B2F4AB8DB16E846449A401CC1C9/'.
[2021.09.03-07.59.56:727][  0]LogXGEController: Cannot use XGE Controller as Incredibuild is not installed on this machine.
[2021.09.03-07.59.56:727][  0]LogShaderCompilers: Cannot use XGE Shader Compiler as Incredibuild is not installed on this machine.
[2021.09.03-07.59.56:727][  0]LogShaderCompilers: Display: Using Local Shader Compiler.
[2021.09.03-07.59.57:713][  0]LogDerivedDataCache: Display: Max Cache Size: 512 MB
[2021.09.03-07.59.57:780][  0]LogDerivedDataCache: Loaded boot cache 0.07s 75MB C:/Users/happl/AppData/Local/UnrealEngine/4.25/DerivedDataCache/Boot.ddc.
[2021.09.03-07.59.57:780][  0]LogDerivedDataCache: Display: Loaded Boot cache: C:/Users/happl/AppData/Local/UnrealEngine/4.25/DerivedDataCache/Boot.ddc
[2021.09.03-07.59.57:780][  0]LogDerivedDataCache: FDerivedDataBackendGraph:  Pak pak cache file ../../../../../../Users/happl/OneDrive/Documents/GitHub/Grow_Wings/GrowWings/DerivedDataCache/DDC.ddp not found, will not use a pak cache.
[2021.09.03-07.59.57:780][  0]LogDerivedDataCache: Unable to find inner node Pak for hierarchical cache Hierarchy.
[2021.09.03-07.59.57:780][  0]LogDerivedDataCache: FDerivedDataBackendGraph:  CompressedPak pak cache file ../../../../../../Users/happl/OneDrive/Documents/GitHub/Grow_Wings/GrowWings/DerivedDataCache/Compressed.ddp not found, will not use a pak cache.
[2021.09.03-07.59.57:780][  0]LogDerivedDataCache: Unable to find inner node CompressedPak for hierarchical cache Hierarchy.
[2021.09.03-07.59.57:795][  0]LogDerivedDataCache: Display: Pak cache opened for reading ../../../Engine/DerivedDataCache/Compressed.ddp.
[2021.09.03-07.59.57:795][  0]LogDerivedDataCache: FDerivedDataBackendGraph:  EnterprisePak pak cache file ../../../Enterprise/DerivedDataCache/Compressed.ddp not found, will not use a pak cache.
[2021.09.03-07.59.57:795][  0]LogDerivedDataCache: Unable to find inner node EnterprisePak for hierarchical cache Hierarchy.
[2021.09.03-07.59.57:796][  0]LogDerivedDataCache: Using Local data cache path C:/Users/happl/AppData/Local/UnrealEngine/Common/DerivedDataCache: Writable
[2021.09.03-07.59.57:796][  0]LogDerivedDataCache: Shared data cache path not found in *engine.ini, will not use an Shared cache.
[2021.09.03-07.59.57:796][  0]LogDerivedDataCache: Unable to find inner node Shared for hierarchical cache Hierarchy.
[2021.09.03-07.59.57:863][  0]LogSlate: Using FreeType 2.10.0
[2021.09.03-07.59.57:863][  0]LogSlate: SlateFontServices - WITH_FREETYPE: 1, WITH_HARFBUZZ: 1
[2021.09.03-07.59.57:906][  0]LogAssetRegistry: FAssetRegistry took 0.0032 seconds to start up
[2021.09.03-07.59.58:206][  0]LogInit: Selected Device Profile: [Windows]
[2021.09.03-07.59.58:356][  0]LogMeshReduction: Using QuadricMeshReduction for automatic static mesh reduction
[2021.09.03-07.59.58:356][  0]LogMeshReduction: Using SimplygonMeshReduction for automatic skeletal mesh reduction
[2021.09.03-07.59.58:356][  0]LogMeshReduction: Using ProxyLODMeshReduction for automatic mesh merging
[2021.09.03-07.59.58:356][  0]LogMeshReduction: No distributed automatic mesh merging module available
[2021.09.03-07.59.58:356][  0]LogMeshMerging: No distributed automatic mesh merging module available
[2021.09.03-07.59.58:379][  0]LogNetVersion: GrowWings 1.0.0, NetCL: 13144385, EngineNetVer: 14, GameNetVer: 0 (Checksum: 2304995152)
[2021.09.03-07.59.59:116][  0]LogAISub: UAISubsystem::UAISubsystem AISubsystem (0000018C28329C40), frame # 0
[2021.09.03-07.59.59:116][  0]LogAISub: UAISubsystem::UAISubsystem AIPerceptionSystem (0000018C282791C0), frame # 0
[2021.09.03-07.59.59:118][  0]LogAISub: UAISubsystem::UAISubsystem EnvQueryManager (0000018C282F0800), frame # 0
[2021.09.03-07.59.59:204][  0]LogPackageLocalizationCache: Processed 20 localized package path(s) for 1 prioritized culture(s) in 0.078307 seconds
[2021.09.03-07.59.59:210][  0]LogUObjectArray: 15917 objects as part of root set at end of initial load.
[2021.09.03-07.59.59:210][  0]LogUObjectAllocator: 3965568 out of 0 bytes used by permanent object pool.
[2021.09.03-07.59.59:210][  0]LogUObjectArray: CloseDisregardForGC: 0/0 objects in disregard for GC pool
[2021.09.03-07.59.59:895][  0]LogTcpMessaging: Initializing TcpMessaging bridge
[2021.09.03-07.59.59:903][  0]LogUdpMessaging: Initializing bridge on interface 0.0.0.0:0 to multicast group 230.0.0.1:6666.
[2021.09.03-08.00.00:057][  0]SourceControl: 소스 컨트롤이 꺼졌습니다.
[2021.09.03-08.00.00:057][  0]SourceControl: 소스 컨트롤이 꺼졌습니다.
[2021.09.03-08.00.00:063][  0]SourceControl: 소스 컨트롤이 꺼졌습니다.
[2021.09.03-08.00.00:070][  0]SourceControl: 소스 컨트롤이 꺼졌습니다.
[2021.09.03-08.00.00:090][  0]SourceControl: 소스 컨트롤이 꺼졌습니다.
[2021.09.03-08.00.00:621][  0]LogAndroidPermission: UAndroidPermissionCallbackProxy::GetInstance
[2021.09.03-08.00.00:658][  0]LogAudioCaptureCore: Display: No Audio Capture implementations found. Audio input will be silent.
[2021.09.03-08.00.00:658][  0]LogAudioCaptureCore: Display: No Audio Capture implementations found. Audio input will be silent.
[2021.09.03-08.00.00:741][  0]LogOcInput: OculusInput pre-init called
[2021.09.03-08.00.00:764][  0]LogWindows: Failed to load 'OVRPlugin.dll' (GetLastError=126)
[2021.09.03-08.00.00:764][  0]LogWindows: File 'OVRPlugin.dll' does not exist
[2021.09.03-08.00.00:848][  0]LogEngine: Initializing Engine...
[2021.09.03-08.00.00:850][  0]LogHMD: Failed to initialize OpenVR with code 110
[2021.09.03-08.00.00:850][  0]LogMagicLeap: Warning: VR disabled because ZI is not enabled.  To enable, in the editor, Edit -> Project Settings -> Plugins -> Magic Leap Plugin -> Enable Zero Iteration
[2021.09.03-08.00.00:851][  0]LogStats: UGameplayTagsManager::InitializeManager -  0.000 s
[2021.09.03-08.00.01:024][  0]LogInit: Initializing FReadOnlyCVARCache
[2021.09.03-08.00.01:035][  0]LogAIModule: Creating AISystem for world Untitled
[2021.09.03-08.00.01:035][  0]LogAISub: UAISubsystem::UAISubsystem EnvQueryManager (0000018C2E60FC00), frame # 0
[2021.09.03-08.00.01:035][  0]LogAISub: UAISubsystem::UAISubsystem AIPerceptionSystem (0000018C2E67C900), frame # 0
[2021.09.03-08.00.01:043][  0]LogAudioMixer: Display: Audio Mixer Platform Settings:
[2021.09.03-08.00.01:043][  0]LogAudioMixer: Display: 	Sample Rate:						  48000
[2021.09.03-08.00.01:043][  0]LogAudioMixer: Display: 	Callback Buffer Frame Size Requested: 1024
[2021.09.03-08.00.01:043][  0]LogAudioMixer: Display: 	Callback Buffer Frame Size To Use:	  1024
[2021.09.03-08.00.01:043][  0]LogAudioMixer: Display: 	Number of buffers to queue:			  2
[2021.09.03-08.00.01:043][  0]LogAudioMixer: Display: 	Max Channels (voices):				  32
[2021.09.03-08.00.01:043][  0]LogAudioMixer: Display: 	Number of Async Source Workers:		  0
[2021.09.03-08.00.01:043][  0]LogAudio: Display: AudioDevice MaxSources: 32
[2021.09.03-08.00.01:043][  0]LogAudio: Display: Using built-in audio occlusion.
[2021.09.03-08.00.01:043][  0]LogAudioMixer: Display: Initializing audio mixer.
[2021.09.03-08.00.01:084][  0]LogAudioMixer: Display: 0: FrontLeft
[2021.09.03-08.00.01:084][  0]LogAudioMixer: Display: 1: FrontRight
[2021.09.03-08.00.01:213][  0]LogAudioMixer: Display: Using Audio Device 스피커(USB Audio Device)
[2021.09.03-08.00.01:214][  0]LogAudioMixer: Display: Initializing Sound Submixes...
[2021.09.03-08.00.01:218][  0]LogAudioMixer: Display: Creating Master Submix 'MasterSubmixDefault'
[2021.09.03-08.00.01:218][  0]LogAudioMixer: Display: Creating Master Submix 'MasterReverbSubmixDefault'
[2021.09.03-08.00.01:220][  0]LogAudioMixer: Display: Creating Master Submix 'MasterEQSubmixDefault'
[2021.09.03-08.00.01:221][  0]LogInit: FAudioDevice initialized.
[2021.09.03-08.00.01:221][  0]LogNetVersion: Set ProjectVersion to 1.0.0.0. Version Checksum will be recalculated on next use.
[2021.09.03-08.00.01:270][  0]LogDerivedDataCache: Saved boot cache 0.05s 76MB C:/Users/happl/AppData/Local/UnrealEngine/4.25/DerivedDataCache/Boot.ddc.
[2021.09.03-08.00.01:272][  0]LogInit: Texture streaming: Enabled
[2021.09.03-08.00.01:302][  0]LogEngineSessionManager: EngineSessionManager initialized
[2021.09.03-08.00.01:302][  0]LogEditorSessionSummary: Verbose: Initializing EditorSessionSummaryWriter for editor session tracking
[2021.09.03-08.00.01:306][  0]LogEditorSessionSummary: EditorSessionSummaryWriter initialized
[2021.09.03-08.00.01:356][  0]LogInit: Transaction tracking system initialized
[2021.09.03-08.00.01:395][  0]BlueprintLog: New page: 에디터 로드
[2021.09.03-08.00.01:519][  0]LocalizationService: 현지화 서비스가 비활성화되었습니다.
[2021.09.03-08.00.01:764][  0]LogCook: Display: Max memory allowance for cook 16384mb min free memory 0mb
[2021.09.03-08.00.01:764][  0]LogCook: Display: Mobile HDR setting 1
[2021.09.03-08.00.02:043][  0]LogFileCache: Scanning file cache for directory 'C:/Users/happl/OneDrive/Documents/GitHub/Grow_Wings/GrowWings/Content/' took 0.00s
[2021.09.03-08.00.02:423][  0]LogImageWrapper: Warning: PNG Warning: iCCP: CRC error
[2021.09.03-08.00.02:423][  0]LogImageWrapper: Warning: PNG Warning: iCCP: CRC error
[2021.09.03-08.00.03:009][  0]LogImageWrapper: Warning: PNG Warning: iCCP: CRC error
[2021.09.03-08.00.03:009][  0]LogImageWrapper: Warning: PNG Warning: iCCP: CRC error
[2021.09.03-08.00.03:009][  0]SourceControl: 소스 컨트롤이 꺼졌습니다.
[2021.09.03-08.00.03:009][  0]LogUnrealEdMisc: Loading editor; pre map load, took 11.140
[2021.09.03-08.00.03:010][  0]Cmd: MAP LOAD FILE="../../../Engine/Content/Maps/Templates/Template_Default.umap" TEMPLATE=1 SHOWPROGRESS=1 FEATURELEVEL=3
[2021.09.03-08.00.03:010][  0]LightingResults: New page: 라이팅 빌드
[2021.09.03-08.00.03:011][  0]LogWorld: UWorld::CleanupWorld for Untitled, bSessionEnded=true, bCleanupResources=true
[2021.09.03-08.00.03:011][  0]LogSlate: InvalidateAllWidgets triggered.  All widgets were invalidated
[2021.09.03-08.00.03:011][  0]MapCheck: New page: 맵 체크
[2021.09.03-08.00.03:011][  0]LightingResults: New page: 라이팅 빌드
[2021.09.03-08.00.03:024][  0]LogAISub: UAISubsystem::~UAISubsystem EnvQueryManager (0000018C2E60FC00), frame # 0
[2021.09.03-08.00.03:025][  0]LogAISub: UAISubsystem::~UAISubsystem AIPerceptionSystem (0000018C2E67C900), frame # 0
[2021.09.03-08.00.03:027][  0]LogUObjectHash: Compacting FUObjectHashTables data took   1.21ms
[2021.09.03-08.00.03:094][  0]LogAIModule: Creating AISystem for world Untitled_1
[2021.09.03-08.00.03:095][  0]LogAISub: UAISubsystem::UAISubsystem EnvQueryManager (0000018C2E681800), frame # 0
[2021.09.03-08.00.03:095][  0]LogAISub: UAISubsystem::UAISubsystem AIPerceptionSystem (0000018C2F0B1A80), frame # 0
[2021.09.03-08.00.03:100][  0]LogEditorServer: Finished looking for orphan Actors (0.000 secs)
[2021.09.03-08.00.03:114][  0]LogUObjectHash: Compacting FUObjectHashTables data took   1.17ms
[2021.09.03-08.00.03:114][  0]Cmd: MAP CHECKDEP NOCLEARLOG
[2021.09.03-08.00.03:114][  0]MapCheck: 맵 체크 완료: 오류 0 회, 경고 0 회, 소요 시간 0.499ms.
[2021.09.03-08.00.03:115][  0]LogFileHelpers: Loading map 'Template_Default' took 0.105
[2021.09.03-08.00.03:118][  0]LogUnrealEdMisc: Total Editor Startup Time, took 11.248
[2021.09.03-08.00.03:262][  0]LogSlate: Updating window title bar state: overlay mode, drag disabled, window buttons hidden, title bar hidden
[2021.09.03-08.00.03:272][  0]LogSlate: Updating window title bar state: overlay mode, drag disabled, window buttons hidden, title bar hidden
[2021.09.03-08.00.03:281][  0]LogSlate: Updating window title bar state: overlay mode, drag disabled, window buttons hidden, title bar hidden
[2021.09.03-08.00.03:292][  0]LogSlate: Updating window title bar state: overlay mode, drag disabled, window buttons hidden, title bar hidden
[2021.09.03-08.00.03:304][  0]LogCollectionManager: Loaded 0 collections in 0.001766 seconds
[2021.09.03-08.00.03:324][  0]LogFileCache: Scanning file cache for directory 'C:/Users/happl/OneDrive/Documents/GitHub/Grow_Wings/GrowWings/Saved/Collections/' took 0.00s
[2021.09.03-08.00.03:324][  0]LogFileCache: Scanning file cache for directory 'C:/Users/happl/OneDrive/Documents/GitHub/Grow_Wings/GrowWings/Content/Developers/happl/Collections/' took 0.00s
[2021.09.03-08.00.03:324][  0]LogFileCache: Scanning file cache for directory 'C:/Users/happl/OneDrive/Documents/GitHub/Grow_Wings/GrowWings/Content/Collections/' took 0.00s
[2021.09.03-08.00.03:324][  0]LogContentBrowser: Native class hierarchy populated in 0.0128 seconds. Added 3429 classes and 826 folders.
[2021.09.03-08.00.03:327][  0]LogContentBrowser: Native class hierarchy updated for 'WidgetCarousel' in 0.0004 seconds. Added 0 classes and 0 folders.
[2021.09.03-08.00.03:403][  0]LogContentBrowser: Native class hierarchy updated for 'AddContentDialog' in 0.0004 seconds. Added 0 classes and 0 folders.
[2021.09.03-08.00.03:408][  0]LogContentBrowser: Native class hierarchy updated for 'SceneOutliner' in 0.0004 seconds. Added 2 classes and 0 folders.
[2021.09.03-08.00.03:567][  0]LogSlate: Took 0.000308 seconds to synchronously load lazily loaded font '../../../Engine/Content/Slate/Fonts/Roboto-Regular.ttf' (155K)
[2021.09.03-08.00.03:572][  0]LogSlate: Took 0.004825 seconds to synchronously load lazily loaded font '../../../Engine/Content/Editor/Slate/Fonts/NanumGothic.ttf' (4243K)
[2021.09.03-08.00.03:576][  0]LogSlate: Took 0.002278 seconds to synchronously load lazily loaded font '../../../Engine/Content/Editor/Slate/Fonts/NanumGothicBold.ttf' (4188K)
[2021.09.03-08.00.03:576][  0]LogSlate: Took 0.000285 seconds to synchronously load lazily loaded font '../../../Engine/Content/Slate/Fonts/Roboto-Bold.ttf' (160K)
[2021.09.03-08.00.03:581][  0]LogSlate: Took 0.000299 seconds to synchronously load lazily loaded font '../../../Engine/Content/Editor/Slate/Fonts/FontAwesome.ttf' (139K)
[2021.09.03-08.00.03:686][  0]LogRenderer: Reallocating scene render targets to support 1480x888 Format 10 NumSamples 1 (Frame:1).
[2021.09.03-08.00.03:850][  0]LogContentBrowser: Native class hierarchy updated for 'HierarchicalLODOutliner' in 0.0005 seconds. Added 0 classes and 0 folders.
[2021.09.03-08.00.03:850][  0]LogLoad: (Engine Initialization) Total time: 11.98 seconds
[2021.09.03-08.00.03:850][  0]LogLoad: (Engine Initialization) Total Blueprint compile time: 0.00 seconds
[2021.09.03-08.00.03:915][  0]LogAssetRegistry: Asset discovery search completed in 6.0093 seconds
[2021.09.03-08.00.03:922][  0]LogCollectionManager: Fixed up redirectors for 0 collections in 0.000002 seconds (updated 0 objects)
[2021.09.03-08.00.03:923][  0]LogContentStreaming: Texture pool size now 1000 MB
[2021.09.03-08.00.03:956][  0]LogSlate: Took 0.000178 seconds to synchronously load lazily loaded font '../../../Engine/Content/Slate/Fonts/Roboto-Light.ttf' (167K)
[2021.09.03-08.00.07:775][229]LogSlate: Window '플러그인' being destroyed
[2021.09.03-08.00.07:784][229]LogSlate: Window '플러그인' being destroyed
[2021.09.03-08.00.07:784][229]LogDirectoryWatcher: A directory notification for '../../../Engine/Plugins/' was aborted.
[2021.09.03-08.01.54:796][999]LogSlate: Took 0.000289 seconds to synchronously load lazily loaded font '../../../Engine/Content/Slate/Fonts/Roboto-Light.ttf' (167K)
[2021.09.03-08.01.54:841][999]LogAssetEditorSubsystem: Opening Asset editor for World /Game/Maps/Land.Land
[2021.09.03-08.01.54:850][999]LogUObjectHash: Compacting FUObjectHashTables data took   0.68ms
[2021.09.03-08.01.54:852][999]Cmd: MAP LOAD FILE="../../../../../../Users/happl/OneDrive/Documents/GitHub/Grow_Wings/GrowWings/Content/Maps/Land.umap" TEMPLATE=0 SHOWPROGRESS=1 FEATURELEVEL=3
[2021.09.03-08.01.54:852][999]LightingResults: New page: 라이팅 빌드
[2021.09.03-08.01.54:852][999]LoadErrors: New page: 맵 로드중: Land.umap
[2021.09.03-08.01.54:887][999]LogWorld: UWorld::CleanupWorld for Untitled_1, bSessionEnded=true, bCleanupResources=true
[2021.09.03-08.01.54:887][999]LogSlate: InvalidateAllWidgets triggered.  All widgets were invalidated
[2021.09.03-08.01.54:888][999]MapCheck: New page: 맵 체크
[2021.09.03-08.01.54:888][999]LightingResults: New page: 라이팅 빌드
[2021.09.03-08.01.54:898][999]LogAISub: UAISubsystem::~UAISubsystem AIPerceptionSystem (0000018C2F0B1A80), frame # 1999
[2021.09.03-08.01.54:898][999]LogAISub: UAISubsystem::~UAISubsystem EnvQueryManager (0000018C2E681800), frame # 1999
[2021.09.03-08.01.54:899][999]LogUObjectHash: Compacting FUObjectHashTables data took   0.78ms
[2021.09.03-08.01.54:901][999]LogEditorServer: Finished looking for orphan Actors (0.000 secs)
[2021.09.03-08.01.54:901][999]LogAIModule: Creating AISystem for world Land
[2021.09.03-08.01.54:901][999]LogAISub: UAISubsystem::UAISubsystem EnvQueryManager (0000018C2E9F3400), frame # 1999
[2021.09.03-08.01.54:901][999]LogAISub: UAISubsystem::UAISubsystem AIPerceptionSystem (0000018C2EC4DD00), frame # 1999
[2021.09.03-08.01.54:913][999]LogUObjectHash: Compacting FUObjectHashTables data took   0.77ms
[2021.09.03-08.01.54:929][999]Cmd: MAP CHECKDEP NOCLEARLOG
[2021.09.03-08.01.54:929][999]MapCheck: 맵 체크 완료: 오류 0 회, 경고 0 회, 소요 시간 0.204ms.
[2021.09.03-08.01.54:929][999]LogFileHelpers: Loading map 'Land' took 0.077
[2021.09.03-08.03.27:705][774]LogEditor: Attempting to add actor of class 'CineCameraActor' to level at -340.00,-490.00,100.00
[2021.09.03-08.03.28:541][819]LogEditor: Attempting to add actor of class 'CineCameraActor' to level at 450.00,10.00,-480.00
[2021.09.03-08.03.29:331][863]LogEditor: Attempting to add actor of class 'CineCameraActor' to level at 430.00,-40.00,-470.00
[2021.09.03-08.04.13:802][511]LogEditorViewport: Clicking Background
[2021.09.03-08.04.15:092][587]LogEditorViewport: Clicking on Actor (LMB): CineCameraActor (CineCameraActor2)
[2021.09.03-08.04.16:678][676]LogEditorViewport: Clicking Background
[2021.09.03-08.04.22:605][ 26]LogEditorViewport: Clicking on Actor (LMB): CineCameraActor (CineCameraActor2)
[2021.09.03-08.04.35:358][777]LogSlate: Took 0.000491 seconds to synchronously load lazily loaded font '../../../Engine/Content/Slate/Fonts/Roboto-Italic.ttf' (157K)
[2021.09.03-08.04.36:063][817]LogEditorViewport: Clicking Background
[2021.09.03-08.11.55:092][993]LogUObjectHash: Compacting FUObjectHashTables data took   0.81ms
[2021.09.03-08.11.55:108][993]LogSavePackage: Moving '../../../../../../Users/happl/OneDrive/Documents/GitHub/Grow_Wings/GrowWings/Saved/Land_Auto1EC626DDA4BA6628D53F09E951F7279C0.tmp' to '../../../../../../Users/happl/OneDrive/Documents/GitHub/Grow_Wings/GrowWings/Saved/Autosaves/Game/Maps/Land_Auto1.umap'
[2021.09.03-08.11.55:110][993]LogFileHelpers: Editor autosave (incl. sublevels) for '/Game/Maps/Land' took 0.029
[2021.09.03-08.11.55:110][993]LogFileHelpers: Editor autosave (incl. sublevels) for all levels took 0.029
[2021.09.03-09.02.56:741][408]EditorErrors: New page: 액터 붙임
[2021.09.03-09.04.06:469][281]LogUObjectHash: Compacting FUObjectHashTables data took   0.78ms
[2021.09.03-09.04.06:482][281]LogSavePackage: Moving '../../../../../../Users/happl/OneDrive/Documents/GitHub/Grow_Wings/GrowWings/Saved/Land_Auto2019D6D07456CD01D6254D3B39BE5788C.tmp' to '../../../../../../Users/happl/OneDrive/Documents/GitHub/Grow_Wings/GrowWings/Saved/Autosaves/Game/Maps/Land_Auto2.umap'
[2021.09.03-09.04.06:483][281]LogFileHelpers: Editor autosave (incl. sublevels) for '/Game/Maps/Land' took 0.024
[2021.09.03-09.04.06:483][281]LogFileHelpers: Editor autosave (incl. sublevels) for all levels took 0.024
[2021.09.03-09.04.18:529][318]LogEditorViewport: Clicking on Actor (LMB): CameraRig_Rail (CameraRig_Rail1)
[2021.09.03-09.04.29:692][966]LogEditorViewport: Clicking Background
[2021.09.03-09.04.30:443][  9]LogEditorViewport: Clicking on Actor (LMB): CameraRig_Rail (CameraRig_Rail1)
[2021.09.03-09.04.48:590][ 73]Cmd: TRANSACTION UNDO
[2021.09.03-09.04.48:590][ 73]LogEditorTransaction: Undo 액터 이동
[2021.09.03-09.04.51:344][220]LogEditorViewport: Clicking Background
[2021.09.03-09.04.51:967][256]LogEditorViewport: Clicking on Actor (LMB): CameraRig_Rail (CameraRig_Rail1)
[2021.09.03-09.04.52:746][299]LogEditorViewport: Clicking Background
[2021.09.03-09.04.53:289][330]LogEditorViewport: Clicking Background
[2021.09.03-09.04.53:864][363]LogEditorViewport: Clicking on Actor (LMB): CameraRig_Rail (CameraRig_Rail1)
[2021.09.03-09.05.21:731][ 22]Cmd: TRANSACTION UNDO
[2021.09.03-09.05.21:731][ 22]LogEditorTransaction: Undo 액터 이동
[2021.09.03-09.06.51:076][260]LogEditorViewport: Clicking Background
[2021.09.03-09.06.58:642][708]LogEditorViewport: Clicking on Actor (LMB): CameraRig_Rail (CameraRig_Rail1)
[2021.09.03-09.07.07:754][231]Cmd: TRANSACTION UNDO
[2021.09.03-09.07.07:754][231]LogEditorTransaction: Undo 액터 이동
[2021.09.03-09.07.25:048][230]Cmd: TRANSACTION UNDO
[2021.09.03-09.07.25:048][230]LogEditorTransaction: Undo 액터 이동
[2021.09.03-09.07.27:259][346]LogEditorViewport: Clicking Background
[2021.09.03-09.07.38:766][ 34]LogEditorViewport: Clicking on Actor (LMB): CameraRig_Rail (CameraRig_Rail1)
[2021.09.03-09.07.40:762][149]LogEditorViewport: Clicking Background
[2021.09.03-09.07.42:391][242]LogEditorViewport: Clicking Background
[2021.09.03-09.07.44:907][387]LogEditorViewport: Clicking on Actor (LMB): CameraRig_Rail (CameraRig_Rail1)
[2021.09.03-09.07.48:947][606]LogEditorViewport: Clicking Background
[2021.09.03-09.07.49:586][643]LogEditorViewport: Clicking on Actor (LMB): CameraRig_Rail (CameraRig_Rail1)
[2021.09.03-09.08.16:642][238]LogEditorViewport: Clicking Background
[2021.09.03-09.08.33:648][251]LogEditorViewport: Clicking on Actor (LMB): CameraRig_Rail (CameraRig_Rail1)
[2021.09.03-09.08.36:123][390]Cmd: TRANSACTION UNDO
[2021.09.03-09.08.36:123][390]LogEditorTransaction: Undo 액터 클릭
[2021.09.03-09.08.36:368][395]Cmd: TRANSACTION UNDO
[2021.09.03-09.08.36:368][395]LogEditorTransaction: Undo 배경 클릭
[2021.09.03-09.08.36:569][399]Cmd: TRANSACTION UNDO
[2021.09.03-09.08.36:569][399]LogEditorTransaction: Undo 액터 이동
[2021.09.03-09.08.36:769][407]Cmd: TRANSACTION UNDO
[2021.09.03-09.08.36:769][407]LogEditorTransaction: Undo 액터 이동
[2021.09.03-09.08.36:969][419]Cmd: TRANSACTION UNDO
[2021.09.03-09.08.36:969][419]LogEditorTransaction: Undo 액터 클릭
[2021.09.03-09.08.37:370][443]Cmd: TRANSACTION UNDO
[2021.09.03-09.08.37:370][443]LogEditorTransaction: Undo 배경 클릭
[2021.09.03-09.08.37:580][454]Cmd: TRANSACTION UNDO
[2021.09.03-09.08.37:580][454]LogEditorTransaction: Undo 액터 클릭
[2021.09.03-09.08.37:763][465]Cmd: TRANSACTION UNDO
[2021.09.03-09.08.37:764][465]LogEditorTransaction: Undo 배경 클릭
[2021.09.03-09.08.37:940][474]Cmd: TRANSACTION UNDO
[2021.09.03-09.08.37:940][474]LogEditorTransaction: Undo 액터 클릭
[2021.09.03-09.08.38:130][485]Cmd: TRANSACTION UNDO
[2021.09.03-09.08.38:130][485]LogEditorTransaction: Undo 배경 클릭
[2021.09.03-09.08.38:289][493]Cmd: TRANSACTION UNDO
[2021.09.03-09.08.38:289][493]LogEditorTransaction: Undo 액터 이동
[2021.09.03-09.08.38:456][503]Cmd: TRANSACTION UNDO
[2021.09.03-09.08.38:456][503]LogEditorTransaction: Undo 액터 클릭
[2021.09.03-09.08.38:655][515]Cmd: TRANSACTION UNDO
[2021.09.03-09.08.38:655][515]LogEditorTransaction: Undo 배경 클릭
[2021.09.03-09.08.38:848][525]Cmd: TRANSACTION UNDO
[2021.09.03-09.08.38:848][525]LogEditorTransaction: Undo 액터 이동
[2021.09.03-09.08.39:064][538]Cmd: TRANSACTION UNDO
[2021.09.03-09.08.39:064][538]LogEditorTransaction: Undo 액터 이동
[2021.09.03-09.08.39:281][551]Cmd: TRANSACTION UNDO
[2021.09.03-09.08.39:281][551]LogEditorTransaction: Undo 액터 이동
[2021.09.03-09.08.39:514][565]Cmd: TRANSACTION UNDO
[2021.09.03-09.08.39:514][565]LogEditorTransaction: Undo 액터 이동
[2021.09.03-09.08.39:715][577]Cmd: TRANSACTION UNDO
[2021.09.03-09.08.39:715][577]LogEditorTransaction: Undo 액터 이동
[2021.09.03-09.08.39:947][591]Cmd: TRANSACTION UNDO
[2021.09.03-09.08.39:948][591]LogEditorTransaction: Undo 스케일 설정
[2021.09.03-09.08.44:661][870]LogUObjectHash: Compacting FUObjectHashTables data took   0.80ms
[2021.09.03-09.08.46:503][870]LogSlate: Window '콘텐츠 저장' being destroyed
[2021.09.03-09.08.46:540][870]Cmd: OBJ SAVEPACKAGE PACKAGE="/Game/Maps/Land" FILE="../../../../../../Users/happl/OneDrive/Documents/GitHub/Grow_Wings/GrowWings/Content/Maps/Land.umap" SILENT=true AUTOSAVING=false KEEPDIRTY=false
[2021.09.03-09.08.46:551][870]LogUObjectHash: Compacting FUObjectHashTables data took   0.29ms
[2021.09.03-09.08.46:562][870]LogSavePackage: Moving '../../../../../../Users/happl/OneDrive/Documents/GitHub/Grow_Wings/GrowWings/Saved/Land048D58B4406585FCE2C008AF08DD5BDA.tmp' to '../../../../../../Users/happl/OneDrive/Documents/GitHub/Grow_Wings/GrowWings/Content/Maps/Land.umap'
[2021.09.03-09.08.46:579][870]LogFileHelpers: Saving map 'Land' took 0.040
[2021.09.03-09.08.46:597][870]AssetCheck: New page: 애셋 저장: Land
[2021.09.03-09.08.46:597][870]LogContentValidation: Display: World /Game/Maps/Land.Land 유효성 검사
[2021.09.03-09.32.12:639][237]LogAudioMixer: Warning: Changing default audio render device to new device: {0.0.0.00000000}.{8cdd5da1-8c4d-4510-be86-64df4cf6e1b5}.
[2021.09.03-09.32.12:639][237]LogTemp: Resetting audio stream to device id 
[2021.09.03-09.32.12:675][237]LogAudioMixer: Display: 0: FrontLeft
[2021.09.03-09.32.12:675][237]LogAudioMixer: Display: 1: FrontRight
[2021.09.03-10.19.46:592][750]LogEditorViewport: Clicking on Actor (LMB): CameraRig_Rail (CameraRig_Rail1)
[2021.09.03-10.19.47:799][811]Cmd: DELETE
[2021.09.03-10.19.47:799][811]Cmd: ACTOR DELETE
[2021.09.03-10.19.47:801][811]LogEditorActor: Deleted Actor: CameraRig_Rail
[2021.09.03-10.19.47:818][811]LogUObjectHash: Compacting FUObjectHashTables data took   0.40ms
[2021.09.03-10.19.47:822][811]LogEditorActor: Deleted 1 Actors (0.022 secs)
[2021.09.03-10.20.04:750][813]LogActorFactory: Actor Factory created Cube
[2021.09.03-10.20.05:651][866]LogActorFactory: Actor Factory created Cube
[2021.09.03-10.20.14:319][372]LogEditorViewport: Clicking Background
[2021.09.03-10.20.15:048][415]LogEditorViewport: Clicking on Actor (LMB): CineCameraActor (CineCameraActor2)
[2021.09.03-10.20.46:747][292]LogEditorViewport: Clicking Background
[2021.09.03-10.20.47:388][325]LogUObjectHash: Compacting FUObjectHashTables data took   0.63ms
[2021.09.03-10.20.47:401][325]LogSavePackage: Moving '../../../../../../Users/happl/OneDrive/Documents/GitHub/Grow_Wings/GrowWings/Saved/Land_Auto3969536AB4F1A3D4D8243A9B7C2A2E3AF.tmp' to '../../../../../../Users/happl/OneDrive/Documents/GitHub/Grow_Wings/GrowWings/Saved/Autosaves/Game/Maps/Land_Auto3.umap'
[2021.09.03-10.20.47:402][325]LogFileHelpers: Editor autosave (incl. sublevels) for '/Game/Maps/Land' took 0.025
[2021.09.03-10.20.47:402][325]LogFileHelpers: Editor autosave (incl. sublevels) for all levels took 0.025
[2021.09.03-10.20.48:602][397]LogEditorViewport: Clicking on Actor (LMB): StaticMeshActor (Cube)
[2021.09.03-10.20.55:418][800]Cmd: DELETE
[2021.09.03-10.20.55:418][800]Cmd: ACTOR DELETE
[2021.09.03-10.20.55:418][800]LogEditorActor: Deleted Actor: StaticMeshActor
[2021.09.03-10.20.55:431][800]LogUObjectHash: Compacting FUObjectHashTables data took   0.29ms
[2021.09.03-10.20.55:433][800]LogEditorActor: Deleted 1 Actors (0.014 secs)
[2021.09.03-10.21.11:305][736]LogEditorViewport: Clicking on Actor (LMB): CineCameraActor (CineCameraActor2)
[2021.09.03-10.21.14:645][931]LogEditorViewport: Clicking Background
[2021.09.03-10.21.17:387][ 93]LogEditorViewport: Clicking on Actor (LMB): Blockout_Box_C (Blockout_Box)
[2021.09.03-10.21.25:487][571]LogEditorViewport: Clicking Background
[2021.09.03-10.21.27:869][711]LogEditorViewport: Clicking on Actor (LMB): Blockout_Box_C (Blockout_Box)
[2021.09.03-10.21.30:315][846]LogEditorViewport: Clicking on Actor (LMB): CineCameraActor (CineCameraActor2)
[2021.09.03-10.21.36:784][215]LogEditorViewport: Clicking Background
[2021.09.03-10.21.37:477][255]LogEditorViewport: Clicking on Actor (LMB): CineCameraActor (CineCameraActor2)
[2021.09.03-10.22.09:181][111]LogEditorViewport: Clicking Background
[2021.09.03-10.22.12:912][329]LogEditorViewport: Clicking on Actor (LMB): CineCameraActor (CineCameraActor2)
[2021.09.03-10.22.16:009][498]LogEditorViewport: Clicking Background
[2021.09.03-10.22.17:688][597]LogEditorViewport: Clicking on Actor (LMB): Blockout_Box_C (Blockout_Box)
[2021.09.03-10.22.55:780][862]LogEditorViewport: Clicking Background
[2021.09.03-10.23.01:007][170]LogEditorViewport: Clicking on Actor (LMB): Blockout_Box_C (Blockout_Box)
[2021.09.03-10.23.05:900][458]LogEditorViewport: Clicking on Actor (LMB): CineCameraActor (CineCameraActor2)
[2021.09.03-10.23.50:726][119]LogEditorViewport: Clicking on Actor (LMB): Blockout_Box_C (Blockout_Box)
[2021.09.03-10.24.24:021][111]LogEditorViewport: Clicking on Actor (LMB): CineCameraActor (CineCameraActor2)
[2021.09.03-10.24.26:744][268]LogEditorViewport: Clicking on Actor (LMB): Blockout_Box_C (Blockout_Box)
[2021.09.03-10.24.31:422][543]LogEditorViewport: Clicking on Actor (LMB): CineCameraActor (CineCameraActor2)
[2021.09.03-10.25.04:192][500]LogEditorViewport: Clicking Background
[2021.09.03-10.27.32:271][382]LogEditorViewport: Clicking on Actor (LMB): CineCameraActor (CineCameraActor2)
[2021.09.03-10.27.36:106][605]LogEditorViewport: Clicking on Actor (LMB): Blockout_Box_C (Blockout_Box)
[2021.09.03-10.27.42:275][970]LogEditorViewport: Clicking on Actor (LMB): CineCameraActor (CineCameraActor2)
[2021.09.03-10.27.45:941][183]LogEditorViewport: Clicking on Actor (LMB): Blockout_Box_C (Blockout_Box)
[2021.09.03-10.27.51:149][490]LogEditorViewport: Clicking on Actor (LMB): CineCameraActor (CineCameraActor2)
[2021.09.03-10.30.47:646][887]LogUObjectHash: Compacting FUObjectHashTables data took   1.58ms
[2021.09.03-10.30.47:667][887]LogSavePackage: Moving '../../../../../../Users/happl/OneDrive/Documents/GitHub/Grow_Wings/GrowWings/Saved/Land_Auto466387377465DDFB18789B5B468D6D8F8.tmp' to '../../../../../../Users/happl/OneDrive/Documents/GitHub/Grow_Wings/GrowWings/Saved/Autosaves/Game/Maps/Land_Auto4.umap'
[2021.09.03-10.30.47:669][887]LogFileHelpers: Editor autosave (incl. sublevels) for '/Game/Maps/Land' took 0.058
[2021.09.03-10.30.47:669][887]LogFileHelpers: Editor autosave (incl. sublevels) for all levels took 0.058
[2021.09.03-10.33.08:838][308]LogEditorViewport: Clicking on Actor (LMB): DirectionalLight (DirectionalLight)
[2021.09.03-10.33.10:108][373]LogEditorViewport: Clicking Background
[2021.09.03-10.33.12:244][498]LogUObjectHash: Compacting FUObjectHashTables data took   0.66ms
[2021.09.03-10.33.13:878][498]LogSlate: Window '콘텐츠 저장' being destroyed
[2021.09.03-10.33.13:919][498]Cmd: OBJ SAVEPACKAGE PACKAGE="/Game/Maps/Land" FILE="../../../../../../Users/happl/OneDrive/Documents/GitHub/Grow_Wings/GrowWings/Content/Maps/Land.umap" SILENT=true AUTOSAVING=false KEEPDIRTY=false
[2021.09.03-10.33.13:928][498]LogUObjectHash: Compacting FUObjectHashTables data took   0.27ms
[2021.09.03-10.33.13:939][498]LogSavePackage: Moving '../../../../../../Users/happl/OneDrive/Documents/GitHub/Grow_Wings/GrowWings/Saved/LandA2E500CD4B9E0DED7A9F8E96FF2A7D7B.tmp' to '../../../../../../Users/happl/OneDrive/Documents/GitHub/Grow_Wings/GrowWings/Content/Maps/Land.umap'
[2021.09.03-10.33.13:958][498]LogFileHelpers: Saving map 'Land' took 0.040
[2021.09.03-10.33.13:972][498]AssetCheck: New page: 애셋 저장: Land
[2021.09.03-10.33.13:972][498]LogContentValidation: Display: World /Game/Maps/Land.Land 유효성 검사
[2021.09.03-10.33.17:481][708]LogEditorViewport: Clicking on Actor (LMB): CineCameraActor (CineCameraActor2)
[2021.09.03-10.40.23:558][211]LogEditorViewport: Clicking Background
[2021.09.03-10.40.27:071][420]LogEditorViewport: Clicking Background
[2021.09.03-10.40.27:641][453]LogEditorViewport: Clicking on Actor (LMB): Blockout_Box_C (Blockout_Box)
[2021.09.03-10.40.31:813][700]LogEditorViewport: Clicking on Actor (LMB): Blockout_Box_C (Blockout_Box)
[2021.09.03-10.40.32:702][752]LogEditorViewport: Clicking on Actor (LMB): Blockout_Box_C (Blockout_Box)
[2021.09.03-10.40.33:594][804]LogEditorViewport: Clicking on Actor (LMB): Blockout_Box_C (Blockout_Box)
[2021.09.03-10.41.00:362][379]Cmd: DELETE
[2021.09.03-10.41.00:362][379]Cmd: ACTOR DELETE
[2021.09.03-10.41.00:363][379]LogEditorActor: Deleted Actor: Character
[2021.09.03-10.41.00:376][379]LogUObjectHash: Compacting FUObjectHashTables data took   0.88ms
[2021.09.03-10.41.00:380][379]LogEditorActor: Deleted 1 Actors (0.017 secs)
[2021.09.03-10.41.02:259][492]Cmd: TRANSACTION UNDO
[2021.09.03-10.41.02:259][492]LogEditorTransaction: Undo 액터 삭제
[2021.09.03-10.41.29:322][ 53]LogNavigationPoint: PostEditMove Clear paths rebuilt
[2021.09.03-10.41.31:455][178]LogNavigationPoint: PostEditMove Clear paths rebuilt
[2021.09.03-10.41.35:972][446]Cmd: TRANSACTION UNDO
[2021.09.03-10.41.35:972][446]LogEditorTransaction: Undo 바닥에 액터 스냅
[2021.09.03-10.41.36:843][481]LogEditorViewport: Clicking Background
[2021.09.03-10.41.39:646][642]LogEditorViewport: Clicking on Actor (LMB): PlayerStart (PlayerStart)
[2021.09.03-10.41.42:475][808]LogEditorViewport: Clicking on Actor (LMB): Blockout_Box_C (Blockout_Box)
[2021.09.03-10.41.43:060][841]LogEditorViewport: Clicking on Actor (LMB): Blockout_Box_C (Blockout_Box)
[2021.09.03-10.41.59:603][806]LogTemp: Repeating last play command: 선택된 뷰포트
[2021.09.03-10.41.59:619][806]LogPlayLevel: PlayLevel: No blueprints needed recompiling
[2021.09.03-10.41.59:620][806]PIE: New page: PIE 세션: Land (2021. 9. 4. 오전 4:41:59)
[2021.09.03-10.41.59:622][806]LogOnline: OSS: Creating online subsystem instance for: NULL
[2021.09.03-10.41.59:623][806]LogOnline: OSS: TryLoadSubsystemAndSetDefault: Loaded subsystem for module [NULL]
[2021.09.03-10.41.59:623][806]LogPlayLevel: Creating play world package: /Game/Maps/UEDPIE_0_Land
[2021.09.03-10.41.59:626][806]LogPlayLevel: PIE: StaticDuplicateObject took: (0.002765s)
[2021.09.03-10.41.59:627][806]LogAIModule: Creating AISystem for world Land
[2021.09.03-10.41.59:627][806]LogAISub: UAISubsystem::UAISubsystem EnvQueryManager (0000018C2E681C00), frame # 125806
[2021.09.03-10.41.59:628][806]LogAISub: UAISubsystem::UAISubsystem AIPerceptionSystem (0000018C200CA700), frame # 125806
[2021.09.03-10.41.59:628][806]LogPlayLevel: PIE: World Init took: (0.002140s)
[2021.09.03-10.41.59:628][806]LogPlayLevel: PIE: Created PIE world by copying editor world from /Game/Maps/Land.Land to /Game/Maps/UEDPIE_0_Land.Land (0.005191s)
[2021.09.03-10.41.59:638][806]LogUObjectHash: Compacting FUObjectHashTables data took   0.68ms
[2021.09.03-10.41.59:641][806]LogAudioMixer: Display: Audio Mixer Platform Settings:
[2021.09.03-10.41.59:641][806]LogAudioMixer: Display: 	Sample Rate:						  48000
[2021.09.03-10.41.59:641][806]LogAudioMixer: Display: 	Callback Buffer Frame Size Requested: 1024
[2021.09.03-10.41.59:641][806]LogAudioMixer: Display: 	Callback Buffer Frame Size To Use:	  1024
[2021.09.03-10.41.59:641][806]LogAudioMixer: Display: 	Number of buffers to queue:			  2
[2021.09.03-10.41.59:641][806]LogAudioMixer: Display: 	Max Channels (voices):				  32
[2021.09.03-10.41.59:641][806]LogAudioMixer: Display: 	Number of Async Source Workers:		  0
[2021.09.03-10.41.59:641][806]LogAudio: Display: AudioDevice MaxSources: 32
[2021.09.03-10.41.59:642][806]LogAudio: Display: Using built-in audio occlusion.
[2021.09.03-10.41.59:642][806]LogAudioMixer: Display: Initializing audio mixer.
[2021.09.03-10.41.59:660][806]LogAudioMixer: Display: 0: FrontLeft
[2021.09.03-10.41.59:660][806]LogAudioMixer: Display: 1: FrontRight
[2021.09.03-10.41.59:713][806]LogAudioMixer: Display: Using Audio Device SAMSUNG(NVIDIA High Definition Audio)
[2021.09.03-10.41.59:713][806]LogAudioMixer: Display: Initializing Sound Submixes...
[2021.09.03-10.41.59:713][806]LogAudioMixer: Display: Creating Master Submix 'MasterSubmixDefault'
[2021.09.03-10.41.59:713][806]LogAudioMixer: Display: Creating Master Submix 'MasterReverbSubmixDefault'
[2021.09.03-10.41.59:714][806]LogAudioMixer: Display: Creating Master Submix 'MasterEQSubmixDefault'
[2021.09.03-10.41.59:729][806]LogInit: FAudioDevice initialized.
[2021.09.03-10.41.59:737][806]LogLoad: Game class is 'GameModeBase'
[2021.09.03-10.41.59:739][806]LogWorld: Bringing World /Game/Maps/UEDPIE_0_Land.Land up for play (max tick rate 60) at 2021.09.03-19.41.59
[2021.09.03-10.41.59:739][806]LogWorld: Bringing up level for play took: 0.000944
[2021.09.03-10.41.59:740][806]LogOnline: OSS: Creating online subsystem instance for: :Context_3
[2021.09.03-10.41.59:745][806]LogContentBrowser: Native class hierarchy updated for 'MovieSceneCapture' in 0.0005 seconds. Added 20 classes and 0 folders.
[2021.09.03-10.41.59:747][806]PIE: 서버가 로그인했습니다.
[2021.09.03-10.41.59:748][806]PIE: 에디터에서 플레이 총 시작 시간 0.136초입니다.
[2021.09.03-10.42.04:333][ 77]LogSlate: Updating window title bar state: overlay mode, drag disabled, window buttons hidden, title bar hidden
[2021.09.03-10.42.04:333][ 77]LogWorld: BeginTearingDown for /Game/Maps/UEDPIE_0_Land
[2021.09.03-10.42.04:333][ 77]LogWorld: UWorld::CleanupWorld for Land, bSessionEnded=true, bCleanupResources=true
[2021.09.03-10.42.04:333][ 77]LogSlate: InvalidateAllWidgets triggered.  All widgets were invalidated
[2021.09.03-10.42.04:339][ 77]LogPlayLevel: Display: Shutting down PIE online subsystems
[2021.09.03-10.42.04:341][ 77]LogSlate: InvalidateAllWidgets triggered.  All widgets were invalidated
[2021.09.03-10.42.04:370][ 77]LogSlate: Updating window title bar state: overlay mode, drag disabled, window buttons hidden, title bar hidden
[2021.09.03-10.42.04:371][ 77]LogAISub: UAISubsystem::~UAISubsystem AIPerceptionSystem (0000018C200CA700), frame # 126077
[2021.09.03-10.42.04:371][ 77]LogAISub: UAISubsystem::~UAISubsystem EnvQueryManager (0000018C2E681C00), frame # 126077
[2021.09.03-10.42.04:372][ 77]LogUObjectHash: Compacting FUObjectHashTables data took   0.68ms
[2021.09.03-10.42.04:429][ 79]LogPlayLevel: Display: Destroying online subsystem :Context_3
[2021.09.03-10.42.20:774][ 45]LogAssetEditorSubsystem: Opening Asset editor for LevelScriptBlueprint /Game/Maps/Land.Land:PersistentLevel.Land
[2021.09.03-10.42.21:101][ 45]LogContentBrowser: Native class hierarchy updated for 'BlueprintGraph' in 0.0008 seconds. Added 125 classes and 0 folders.
[2021.09.03-10.42.22:067][ 45]LogSlate: Took 0.001224 seconds to synchronously load lazily loaded font '../../../Engine/Content/Slate/Fonts/Roboto-BoldCondensed.ttf' (158K)
[2021.09.03-10.42.28:553][404]LogSlate: Window 'Land' being destroyed
[2021.09.03-10.43.04:053][428]LogSlate: Window 'Land' being destroyed
[2021.09.03-10.43.30:508][633]LogUObjectHash: Compacting FUObjectHashTables data took   2.05ms
[2021.09.03-10.43.30:529][633]LogSavePackage: Moving '../../../../../../Users/happl/OneDrive/Documents/GitHub/Grow_Wings/GrowWings/Saved/Land_Auto5916667A14B93B117BFC88A9D1DFDB670.tmp' to '../../../../../../Users/happl/OneDrive/Documents/GitHub/Grow_Wings/GrowWings/Saved/Autosaves/Game/Maps/Land_Auto5.umap'
[2021.09.03-10.43.30:530][633]LogFileHelpers: Editor autosave (incl. sublevels) for '/Game/Maps/Land' took 0.050
[2021.09.03-10.43.30:530][633]LogFileHelpers: Editor autosave (incl. sublevels) for all levels took 0.050
[2021.09.03-10.50.41:407][160]BlueprintLog: New page: Land 컴파일
[2021.09.03-10.50.41:434][160]LogUObjectHash: Compacting FUObjectHashTables data took   2.39ms
[2021.09.03-10.50.41:464][160]LogSlate: Took 0.001691 seconds to synchronously load lazily loaded font '../../../Engine/Content/Slate/Fonts/DroidSansMono.ttf' (77K)
[2021.09.03-10.50.41:471][160]LogSlate: Took 0.007031 seconds to synchronously load lazily loaded font '../../../Engine/Content/Editor/Slate/Fonts/NanumGothicExtraBold.ttf' (4074K)
[2021.09.03-10.50.42:251][206]Cmd: OBJ SAVEPACKAGE PACKAGE="/Game/Maps/Land" FILE="../../../../../../Users/happl/OneDrive/Documents/GitHub/Grow_Wings/GrowWings/Content/Maps/Land.umap" SILENT=true AUTOSAVING=false KEEPDIRTY=false
[2021.09.03-10.50.42:276][206]LogUObjectHash: Compacting FUObjectHashTables data took   1.60ms
[2021.09.03-10.50.42:294][206]LogSavePackage: Moving '../../../../../../Users/happl/OneDrive/Documents/GitHub/Grow_Wings/GrowWings/Saved/LandA902F847433E72D12868A69A28E05869.tmp' to '../../../../../../Users/happl/OneDrive/Documents/GitHub/Grow_Wings/GrowWings/Content/Maps/Land.umap'
[2021.09.03-10.50.42:311][206]LogFileHelpers: Saving map 'Land' took 0.061
[2021.09.03-10.50.42:329][206]AssetCheck: New page: 애셋 저장: Land
[2021.09.03-10.50.42:329][206]LogContentValidation: Display: World /Game/Maps/Land.Land 유효성 검사
[2021.09.03-10.50.49:192][599]LogTemp: Repeating last play command: 선택된 뷰포트
[2021.09.03-10.50.49:209][599]LogPlayLevel: PlayLevel: No blueprints needed recompiling
[2021.09.03-10.50.49:209][599]PIE: New page: PIE 세션: Land (2021. 9. 4. 오전 4:50:49)
[2021.09.03-10.50.49:209][599]LogPlayLevel: Creating play world package: /Game/Maps/UEDPIE_0_Land
[2021.09.03-10.50.49:212][599]LogPlayLevel: PIE: StaticDuplicateObject took: (0.002613s)
[2021.09.03-10.50.49:213][599]LogAIModule: Creating AISystem for world Land
[2021.09.03-10.50.49:213][599]LogAISub: UAISubsystem::UAISubsystem EnvQueryManager (0000018C877B2200), frame # 137599
[2021.09.03-10.50.49:213][599]LogAISub: UAISubsystem::UAISubsystem AIPerceptionSystem (0000018C8657F380), frame # 137599
[2021.09.03-10.50.49:214][599]LogPlayLevel: PIE: World Init took: (0.001488s)
[2021.09.03-10.50.49:214][599]LogPlayLevel: PIE: Created PIE world by copying editor world from /Game/Maps/Land.Land to /Game/Maps/UEDPIE_0_Land.Land (0.004245s)
[2021.09.03-10.50.49:237][599]LogUObjectHash: Compacting FUObjectHashTables data took   2.26ms
[2021.09.03-10.50.49:241][599]LogAudioMixer: Display: Audio Mixer Platform Settings:
[2021.09.03-10.50.49:241][599]LogAudioMixer: Display: 	Sample Rate:						  48000
[2021.09.03-10.50.49:241][599]LogAudioMixer: Display: 	Callback Buffer Frame Size Requested: 1024
[2021.09.03-10.50.49:241][599]LogAudioMixer: Display: 	Callback Buffer Frame Size To Use:	  1024
[2021.09.03-10.50.49:241][599]LogAudioMixer: Display: 	Number of buffers to queue:			  2
[2021.09.03-10.50.49:241][599]LogAudioMixer: Display: 	Max Channels (voices):				  32
[2021.09.03-10.50.49:241][599]LogAudioMixer: Display: 	Number of Async Source Workers:		  0
[2021.09.03-10.50.49:241][599]LogAudio: Display: AudioDevice MaxSources: 32
[2021.09.03-10.50.49:241][599]LogAudio: Display: Using built-in audio occlusion.
[2021.09.03-10.50.49:242][599]LogAudioMixer: Display: Initializing audio mixer.
[2021.09.03-10.50.49:260][599]LogAudioMixer: Display: 0: FrontLeft
[2021.09.03-10.50.49:260][599]LogAudioMixer: Display: 1: FrontRight
[2021.09.03-10.50.49:318][599]LogAudioMixer: Display: Using Audio Device SAMSUNG(NVIDIA High Definition Audio)
[2021.09.03-10.50.49:318][599]LogAudioMixer: Display: Initializing Sound Submixes...
[2021.09.03-10.50.49:318][599]LogAudioMixer: Display: Creating Master Submix 'MasterSubmixDefault'
[2021.09.03-10.50.49:318][599]LogAudioMixer: Display: Creating Master Submix 'MasterReverbSubmixDefault'
[2021.09.03-10.50.49:318][599]LogAudioMixer: Display: Creating Master Submix 'MasterEQSubmixDefault'
[2021.09.03-10.50.49:335][599]LogInit: FAudioDevice initialized.
[2021.09.03-10.50.49:347][599]LogLoad: Game class is 'GameModeBase'
[2021.09.03-10.50.49:348][599]LogWorld: Bringing World /Game/Maps/UEDPIE_0_Land.Land up for play (max tick rate 60) at 2021.09.03-19.50.49
[2021.09.03-10.50.49:349][599]LogWorld: Bringing up level for play took: 0.000814
[2021.09.03-10.50.49:349][599]LogOnline: OSS: Creating online subsystem instance for: :Context_5
[2021.09.03-10.50.49:351][599]PIE: 서버가 로그인했습니다.
[2021.09.03-10.50.49:352][599]PIE: 에디터에서 플레이 총 시작 시간 0.152초입니다.
[2021.09.03-10.51.03:187][270]LogRenderer: Reallocating scene render targets to support 2220x1328 Format 10 NumSamples 1 (Frame:171561).
[2021.09.03-10.51.11:949][672]LogSlate: Updating window title bar state: overlay mode, drag disabled, window buttons hidden, title bar hidden
[2021.09.03-10.51.11:949][672]LogWorld: BeginTearingDown for /Game/Maps/UEDPIE_0_Land
[2021.09.03-10.51.11:949][672]LogWorld: UWorld::CleanupWorld for Land, bSessionEnded=true, bCleanupResources=true
[2021.09.03-10.51.11:949][672]LogSlate: InvalidateAllWidgets triggered.  All widgets were invalidated
[2021.09.03-10.51.11:960][672]LogPlayLevel: Display: Shutting down PIE online subsystems
[2021.09.03-10.51.11:962][672]LogSlate: InvalidateAllWidgets triggered.  All widgets were invalidated
[2021.09.03-10.51.12:006][672]LogSlate: Updating window title bar state: overlay mode, drag disabled, window buttons hidden, title bar hidden
[2021.09.03-10.51.12:007][672]LogAISub: UAISubsystem::~UAISubsystem EnvQueryManager (0000018C877B2200), frame # 138672
[2021.09.03-10.51.12:007][672]LogAISub: UAISubsystem::~UAISubsystem AIPerceptionSystem (0000018C8657F380), frame # 138672
[2021.09.03-10.51.12:009][672]LogUObjectHash: Compacting FUObjectHashTables data took   1.86ms
[2021.09.03-10.51.12:037][673]LogPlayLevel: Display: Destroying online subsystem :Context_5
